This file contains any messages produced by compilers while
running configure, to aid debugging if configure makes a mistake.

It was created by INF8601-LAB2 configure 2.1.7, which was
generated by GNU Autoconf 2.69.  Invocation command line was

  $ ./configure LDFLAGS=-L/usr/lib64/nvidia -L/opt/cuda-9.1/lib64 --with-include=/opt/cuda-9.1/include/

## --------- ##
## Platform. ##
## --------- ##

hostname = l4712-04.info.polymtl.ca
uname -m = x86_64
uname -r = 4.17.12-200.fc28.x86_64
uname -s = Linux
uname -v = #1 SMP Fri Aug 3 15:01:13 UTC 2018

/usr/bin/uname -p = x86_64
/bin/uname -X     = unknown

/bin/arch              = x86_64
/usr/bin/arch -k       = unknown
/usr/convex/getsysinfo = unknown
/usr/bin/hostinfo      = unknown
/bin/machine           = unknown
/usr/bin/oslevel       = unknown
/bin/universe          = unknown

PATH: /usr/local/cours/HACK/idea-IC-171.4249.39/bin
PATH: /usr/local/rstudio-1.1.456/bin
PATH: /usr/local/texlive/2017/bin/x86_64-linux
PATH: /usr/lib64/qt-3.3/bin
PATH: /usr/lib64/mpich/bin
PATH: /usr/share/Modules/bin
PATH: /opt/cuda-9.1/bin
PATH: /usr/local/bin
PATH: /usr/bin
PATH: /bin
PATH: /usr/local/sbin
PATH: /usr/sbin
PATH: /opt/java/jdk8.x86_64/bin
PATH: /opt/MATLAB/R2018a/bin
PATH: /opt/pycharm-edu-3.0/bin
PATH: /usr/local/CPNTools/bin
PATH: /usr/local/openclcc/bin
PATH: /usr/local/cours/inf1900/bin
PATH: /usr/local/cours/INF6410/bin
PATH: /usr/local/cours/INF6603/bin
PATH: /usr/local/cours/inf6802/bin
PATH: /usr/local/cours/JohnMullins/bin
PATH: /usr/local/cours/LOG1000/bin
PATH: /usr/local/cours/LOG4420/bin
PATH: /usr/local/cours/INF6101/MiniZinc
PATH: /usr/local/cours/INF6603/CPAchecker-1.3.4-unix/scripts
PATH: /usr/local/cours/INF6603/llbmc-2013.1-Linux_64/bin
PATH: /usr/local/cours/INF6603/uppaal64-4.1.19
PATH: /usr/local/cours/INF6603/uppaal-tiga-0.18
PATH: /usr/local/cours/INF8601/lttng/bin
PATH: /usr/local/cours/INF8601/workload-kit-0.1.16/bin
PATH: /usr/local/cours/INF8601/lttv/bin
PATH: /usr/local/cours/INF8601/trace-compass
PATH: /usr/local/cours/LOG1000/pmccabe/usr/bin
PATH: /usr/local/cours/LOG6605/prism-4.3-linux64/bin


## ----------- ##
## Core tests. ##
## ----------- ##

configure:2395: checking for a BSD-compatible install
configure:2463: result: /usr/bin/install -c
configure:2474: checking whether build environment is sane
configure:2529: result: yes
configure:2680: checking for a thread-safe mkdir -p
configure:2719: result: /usr/bin/mkdir -p
configure:2726: checking for gawk
configure:2742: found /usr/bin/gawk
configure:2753: result: gawk
configure:2764: checking whether make sets $(MAKE)
configure:2786: result: yes
configure:2815: checking whether make supports nested variables
configure:2832: result: yes
configure:2974: checking for style of include used by make
configure:3002: result: GNU
configure:3073: checking for gcc
configure:3089: found /usr/bin/gcc
configure:3100: result: gcc
configure:3329: checking for C compiler version
configure:3338: gcc --version >&5
gcc (GCC) 8.1.1 20180712 (Red Hat 8.1.1-5)
Copyright (C) 2018 Free Software Foundation, Inc.
This is free software; see the source for copying conditions.  There is NO
warranty; not even for MERCHANTABILITY or FITNESS FOR A PARTICULAR PURPOSE.

configure:3349: $? = 0
configure:3338: gcc -v >&5
Using built-in specs.
COLLECT_GCC=gcc
COLLECT_LTO_WRAPPER=/usr/libexec/gcc/x86_64-redhat-linux/8/lto-wrapper
OFFLOAD_TARGET_NAMES=nvptx-none
OFFLOAD_TARGET_DEFAULT=1
Target: x86_64-redhat-linux
Configured with: ../configure --enable-bootstrap --enable-languages=c,c++,fortran,objc,obj-c++,ada,go,lto --prefix=/usr --mandir=/usr/share/man --infodir=/usr/share/info --with-bugurl=http://bugzilla.redhat.com/bugzilla --enable-shared --enable-threads=posix --enable-checking=release --enable-multilib --with-system-zlib --enable-__cxa_atexit --disable-libunwind-exceptions --enable-gnu-unique-object --enable-linker-build-id --with-gcc-major-version-only --with-linker-hash-style=gnu --enable-plugin --enable-initfini-array --with-isl --enable-libmpx --enable-offload-targets=nvptx-none --without-cuda-driver --enable-gnu-indirect-function --enable-cet --with-tune=generic --with-arch_32=i686 --build=x86_64-redhat-linux
Thread model: posix
gcc version 8.1.1 20180712 (Red Hat 8.1.1-5) (GCC) 
configure:3349: $? = 0
configure:3338: gcc -V >&5
gcc: error: unrecognized command line option '-V'
gcc: fatal error: no input files
compilation terminated.
configure:3349: $? = 1
configure:3338: gcc -qversion >&5
gcc: error: unrecognized command line option '-qversion'; did you mean '--version'?
gcc: fatal error: no input files
compilation terminated.
configure:3349: $? = 1
configure:3369: checking whether the C compiler works
configure:3391: gcc   -L/usr/lib64/nvidia -L/opt/cuda-9.1/lib64 conftest.c  >&5
configure:3395: $? = 0
configure:3443: result: yes
configure:3446: checking for C compiler default output file name
configure:3448: result: a.out
configure:3454: checking for suffix of executables
configure:3461: gcc -o conftest   -L/usr/lib64/nvidia -L/opt/cuda-9.1/lib64 conftest.c  >&5
configure:3465: $? = 0
configure:3487: result: 
configure:3509: checking whether we are cross compiling
configure:3517: gcc -o conftest   -L/usr/lib64/nvidia -L/opt/cuda-9.1/lib64 conftest.c  >&5
configure:3521: $? = 0
configure:3528: ./conftest
configure:3532: $? = 0
configure:3547: result: no
configure:3552: checking for suffix of object files
configure:3574: gcc -c   conftest.c >&5
configure:3578: $? = 0
configure:3599: result: o
configure:3603: checking whether we are using the GNU C compiler
configure:3622: gcc -c   conftest.c >&5
configure:3622: $? = 0
configure:3631: result: yes
configure:3640: checking whether gcc accepts -g
configure:3660: gcc -c -g  conftest.c >&5
configure:3660: $? = 0
configure:3701: result: yes
configure:3718: checking for gcc option to accept ISO C89
configure:3781: gcc  -c -g -O2  conftest.c >&5
configure:3781: $? = 0
configure:3794: result: none needed
configure:3819: checking whether gcc understands -c and -o together
configure:3841: gcc -c conftest.c -o conftest2.o
configure:3844: $? = 0
configure:3841: gcc -c conftest.c -o conftest2.o
configure:3844: $? = 0
configure:3856: result: yes
configure:3875: checking dependency style of gcc
configure:3986: result: gcc3
configure:4007: checking how to run the C preprocessor
configure:4038: gcc -E  conftest.c
configure:4038: $? = 0
configure:4052: gcc -E  conftest.c
conftest.c:11:10: fatal error: ac_nonexistent.h: No such file or directory
 #include <ac_nonexistent.h>
          ^~~~~~~~~~~~~~~~~~
compilation terminated.
configure:4052: $? = 1
configure: failed program was:
| /* confdefs.h */
| #define PACKAGE_NAME "INF8601-LAB2"
| #define PACKAGE_TARNAME "inf8601-lab2"
| #define PACKAGE_VERSION "2.1.7"
| #define PACKAGE_STRING "INF8601-LAB2 2.1.7"
| #define PACKAGE_BUGREPORT ""
| #define PACKAGE_URL ""
| #define PACKAGE "inf8601-lab2"
| #define VERSION "2.1.7"
| /* end confdefs.h.  */
| #include <ac_nonexistent.h>
configure:4077: result: gcc -E
configure:4097: gcc -E  conftest.c
configure:4097: $? = 0
configure:4111: gcc -E  conftest.c
conftest.c:11:10: fatal error: ac_nonexistent.h: No such file or directory
 #include <ac_nonexistent.h>
          ^~~~~~~~~~~~~~~~~~
compilation terminated.
configure:4111: $? = 1
configure: failed program was:
| /* confdefs.h */
| #define PACKAGE_NAME "INF8601-LAB2"
| #define PACKAGE_TARNAME "inf8601-lab2"
| #define PACKAGE_VERSION "2.1.7"
| #define PACKAGE_STRING "INF8601-LAB2 2.1.7"
| #define PACKAGE_BUGREPORT ""
| #define PACKAGE_URL ""
| #define PACKAGE "inf8601-lab2"
| #define VERSION "2.1.7"
| /* end confdefs.h.  */
| #include <ac_nonexistent.h>
configure:4140: checking for grep that handles long lines and -e
configure:4198: result: /usr/bin/grep
configure:4203: checking for egrep
configure:4265: result: /usr/bin/grep -E
configure:4270: checking for ANSI C header files
configure:4290: gcc -c -g -O2  conftest.c >&5
configure:4290: $? = 0
configure:4363: gcc -o conftest -g -O2  -L/usr/lib64/nvidia -L/opt/cuda-9.1/lib64 conftest.c  >&5
configure:4363: $? = 0
configure:4363: ./conftest
configure:4363: $? = 0
configure:4374: result: yes
configure:4387: checking for sys/types.h
configure:4387: gcc -c -g -O2  conftest.c >&5
configure:4387: $? = 0
configure:4387: result: yes
configure:4387: checking for sys/stat.h
configure:4387: gcc -c -g -O2  conftest.c >&5
configure:4387: $? = 0
configure:4387: result: yes
configure:4387: checking for stdlib.h
configure:4387: gcc -c -g -O2  conftest.c >&5
configure:4387: $? = 0
configure:4387: result: yes
configure:4387: checking for string.h
configure:4387: gcc -c -g -O2  conftest.c >&5
configure:4387: $? = 0
configure:4387: result: yes
configure:4387: checking for memory.h
configure:4387: gcc -c -g -O2  conftest.c >&5
configure:4387: $? = 0
configure:4387: result: yes
configure:4387: checking for strings.h
configure:4387: gcc -c -g -O2  conftest.c >&5
configure:4387: $? = 0
configure:4387: result: yes
configure:4387: checking for inttypes.h
configure:4387: gcc -c -g -O2  conftest.c >&5
configure:4387: $? = 0
configure:4387: result: yes
configure:4387: checking for stdint.h
configure:4387: gcc -c -g -O2  conftest.c >&5
configure:4387: $? = 0
configure:4387: result: yes
configure:4387: checking for unistd.h
configure:4387: gcc -c -g -O2  conftest.c >&5
configure:4387: $? = 0
configure:4387: result: yes
configure:4400: checking minix/config.h usability
configure:4400: gcc -c -g -O2  conftest.c >&5
conftest.c:54:10: fatal error: minix/config.h: No such file or directory
 #include <minix/config.h>
          ^~~~~~~~~~~~~~~~
compilation terminated.
configure:4400: $? = 1
configure: failed program was:
| /* confdefs.h */
| #define PACKAGE_NAME "INF8601-LAB2"
| #define PACKAGE_TARNAME "inf8601-lab2"
| #define PACKAGE_VERSION "2.1.7"
| #define PACKAGE_STRING "INF8601-LAB2 2.1.7"
| #define PACKAGE_BUGREPORT ""
| #define PACKAGE_URL ""
| #define PACKAGE "inf8601-lab2"
| #define VERSION "2.1.7"
| #define STDC_HEADERS 1
| #define HAVE_SYS_TYPES_H 1
| #define HAVE_SYS_STAT_H 1
| #define HAVE_STDLIB_H 1
| #define HAVE_STRING_H 1
| #define HAVE_MEMORY_H 1
| #define HAVE_STRINGS_H 1
| #define HAVE_INTTYPES_H 1
| #define HAVE_STDINT_H 1
| #define HAVE_UNISTD_H 1
| /* end confdefs.h.  */
| #include <stdio.h>
| #ifdef HAVE_SYS_TYPES_H
| # include <sys/types.h>
| #endif
| #ifdef HAVE_SYS_STAT_H
| # include <sys/stat.h>
| #endif
| #ifdef STDC_HEADERS
| # include <stdlib.h>
| # include <stddef.h>
| #else
| # ifdef HAVE_STDLIB_H
| #  include <stdlib.h>
| # endif
| #endif
| #ifdef HAVE_STRING_H
| # if !defined STDC_HEADERS && defined HAVE_MEMORY_H
| #  include <memory.h>
| # endif
| # include <string.h>
| #endif
| #ifdef HAVE_STRINGS_H
| # include <strings.h>
| #endif
| #ifdef HAVE_INTTYPES_H
| # include <inttypes.h>
| #endif
| #ifdef HAVE_STDINT_H
| # include <stdint.h>
| #endif
| #ifdef HAVE_UNISTD_H
| # include <unistd.h>
| #endif
| #include <minix/config.h>
configure:4400: result: no
configure:4400: checking minix/config.h presence
configure:4400: gcc -E  conftest.c
conftest.c:21:10: fatal error: minix/config.h: No such file or directory
 #include <minix/config.h>
          ^~~~~~~~~~~~~~~~
compilation terminated.
configure:4400: $? = 1
configure: failed program was:
| /* confdefs.h */
| #define PACKAGE_NAME "INF8601-LAB2"
| #define PACKAGE_TARNAME "inf8601-lab2"
| #define PACKAGE_VERSION "2.1.7"
| #define PACKAGE_STRING "INF8601-LAB2 2.1.7"
| #define PACKAGE_BUGREPORT ""
| #define PACKAGE_URL ""
| #define PACKAGE "inf8601-lab2"
| #define VERSION "2.1.7"
| #define STDC_HEADERS 1
| #define HAVE_SYS_TYPES_H 1
| #define HAVE_SYS_STAT_H 1
| #define HAVE_STDLIB_H 1
| #define HAVE_STRING_H 1
| #define HAVE_MEMORY_H 1
| #define HAVE_STRINGS_H 1
| #define HAVE_INTTYPES_H 1
| #define HAVE_STDINT_H 1
| #define HAVE_UNISTD_H 1
| /* end confdefs.h.  */
| #include <minix/config.h>
configure:4400: result: no
configure:4400: checking for minix/config.h
configure:4400: result: no
configure:4421: checking whether it is safe to define __EXTENSIONS__
configure:4439: gcc -c -g -O2  conftest.c >&5
configure:4439: $? = 0
configure:4446: result: yes
configure:4465: checking build system type
configure:4479: result: x86_64-pc-linux-gnu
configure:4499: checking host system type
configure:4512: result: x86_64-pc-linux-gnu
configure:4532: checking for a sed that does not truncate output
configure:4596: result: /usr/bin/sed
configure:4614: checking for fgrep
configure:4676: result: /usr/bin/grep -F
configure:4703: checking how to print strings
configure:4730: result: printf
configure:4763: checking for ld used by gcc
configure:4830: result: /usr/bin/ld
configure:4837: checking if the linker (/usr/bin/ld) is GNU ld
configure:4852: result: yes
configure:4906: checking for BSD- or MS-compatible name lister (nm)
configure:4960: result: /usr/bin/nm -B
configure:5090: checking the name lister (/usr/bin/nm -B) interface
configure:5097: gcc -c -g -O2  conftest.c >&5
configure:5100: /usr/bin/nm -B "conftest.o"
configure:5103: output
0000000000000000 B some_variable
configure:5110: result: BSD nm
configure:5113: checking whether ln -s works
configure:5117: result: yes
configure:5125: checking the maximum length of command line arguments
configure:5256: result: 1572864
configure:5304: checking how to convert x86_64-pc-linux-gnu file names to x86_64-pc-linux-gnu format
configure:5344: result: func_convert_file_noop
configure:5351: checking how to convert x86_64-pc-linux-gnu file names to toolchain format
configure:5371: result: func_convert_file_noop
configure:5378: checking for /usr/bin/ld option to reload object files
configure:5385: result: -r
configure:5459: checking for objdump
configure:5475: found /usr/bin/objdump
configure:5486: result: objdump
configure:5518: checking how to recognize dependent libraries
configure:5718: result: pass_all
configure:5803: checking for dlltool
configure:5833: result: no
configure:5863: checking how to associate runtime and link libraries
configure:5890: result: printf %s\n
configure:5950: checking for ar
configure:5966: found /usr/bin/ar
configure:5977: result: ar
configure:6014: checking for archiver @FILE support
configure:6031: gcc -c -g -O2  conftest.c >&5
configure:6031: $? = 0
configure:6034: ar cru libconftest.a @conftest.lst >&5
configure:6037: $? = 0
configure:6042: ar cru libconftest.a @conftest.lst >&5
ar: conftest.o: No such file or directory
configure:6045: $? = 1
configure:6057: result: @
configure:6115: checking for strip
configure:6131: found /usr/bin/strip
configure:6142: result: strip
configure:6214: checking for ranlib
configure:6230: found /usr/bin/ranlib
configure:6241: result: ranlib
configure:6343: checking command to parse /usr/bin/nm -B output from gcc object
configure:6496: gcc -c -g -O2  conftest.c >&5
configure:6499: $? = 0
configure:6503: /usr/bin/nm -B conftest.o \| sed -n -e 's/^.*[ ]\([ABCDGIRSTW][ABCDGIRSTW]*\)[ ][ ]*\([_A-Za-z][_A-Za-z0-9]*\)$/\1 \2 \2/p' | sed '/ __gnu_lto/d' \> conftest.nm
configure:6506: $? = 0
configure:6572: gcc -o conftest -g -O2  -L/usr/lib64/nvidia -L/opt/cuda-9.1/lib64 conftest.c conftstm.o >&5
configure:6575: $? = 0
configure:6613: result: ok
configure:6660: checking for sysroot
configure:6690: result: no
configure:6697: checking for a working dd
configure:6735: result: /usr/bin/dd
configure:6739: checking how to truncate binary pipes
configure:6754: result: /usr/bin/dd bs=4096 count=1
configure:6890: gcc -c -g -O2  conftest.c >&5
configure:6893: $? = 0
configure:7083: checking for mt
configure:7113: result: no
configure:7133: checking if : is a manifest tool
configure:7139: : '-?'
configure:7147: result: no
configure:7821: checking for dlfcn.h
configure:7821: gcc -c -g -O2  conftest.c >&5
configure:7821: $? = 0
configure:7821: result: yes
configure:8077: checking for objdir
configure:8092: result: .libs
configure:8356: checking if gcc supports -fno-rtti -fno-exceptions
configure:8374: gcc -c -g -O2  -fno-rtti -fno-exceptions conftest.c >&5
cc1: warning: command line option '-fno-rtti' is valid for C++/ObjC++ but not for C
configure:8378: $? = 0
configure:8391: result: no
configure:8749: checking for gcc option to produce PIC
configure:8756: result: -fPIC -DPIC
configure:8764: checking if gcc PIC flag -fPIC -DPIC works
configure:8782: gcc -c -g -O2  -fPIC -DPIC -DPIC conftest.c >&5
configure:8786: $? = 0
configure:8799: result: yes
configure:8828: checking if gcc static flag -static works
configure:8856: result: yes
configure:8871: checking if gcc supports -c -o file.o
configure:8892: gcc -c -g -O2  -o out/conftest2.o conftest.c >&5
configure:8896: $? = 0
configure:8918: result: yes
configure:8926: checking if gcc supports -c -o file.o
configure:8973: result: yes
configure:9006: checking whether the gcc linker (/usr/bin/ld -m elf_x86_64) supports shared libraries
configure:10265: result: yes
configure:10302: checking whether -lc should be explicitly linked in
configure:10310: gcc -c -g -O2  conftest.c >&5
configure:10313: $? = 0
configure:10328: gcc -shared  -fPIC -DPIC conftest.o  -v -Wl,-soname -Wl,conftest -o conftest 2\>\&1 \| /usr/bin/grep  -lc  \>/dev/null 2\>\&1
configure:10331: $? = 0
configure:10345: result: no
configure:10505: checking dynamic linker characteristics
configure:11086: gcc -o conftest -g -O2  -L/usr/lib64/nvidia -L/opt/cuda-9.1/lib64 -Wl,-rpath -Wl,/foo conftest.c  >&5
configure:11086: $? = 0
configure:11326: result: GNU/Linux ld.so
configure:11448: checking how to hardcode library paths into programs
configure:11473: result: immediate
configure:12021: checking whether stripping libraries is possible
configure:12026: result: yes
configure:12061: checking if libtool supports shared libraries
configure:12063: result: yes
configure:12066: checking whether to build shared libraries
configure:12091: result: yes
configure:12094: checking whether to build static libraries
configure:12098: result: yes
configure:12139: checking for sys/types.h
configure:12139: result: yes
configure:12139: checking for unistd.h
configure:12139: result: yes
configure:12139: checking fcntl.h usability
configure:12139: gcc -c -g -O2  conftest.c >&5
configure:12139: $? = 0
configure:12139: result: yes
configure:12139: checking fcntl.h presence
configure:12139: gcc -E  conftest.c
configure:12139: $? = 0
configure:12139: result: yes
configure:12139: checking for fcntl.h
configure:12139: result: yes
configure:12139: checking for strings.h
configure:12139: result: yes
configure:12139: checking pthread.h usability
configure:12139: gcc -c -g -O2  conftest.c >&5
configure:12139: $? = 0
configure:12139: result: yes
configure:12139: checking pthread.h presence
configure:12139: gcc -E  conftest.c
configure:12139: $? = 0
configure:12139: result: yes
configure:12139: checking for pthread.h
configure:12139: result: yes
configure:12139: checking time.h usability
configure:12139: gcc -c -g -O2  conftest.c >&5
configure:12139: $? = 0
configure:12139: result: yes
configure:12139: checking time.h presence
configure:12139: gcc -E  conftest.c
configure:12139: $? = 0
configure:12139: result: yes
configure:12139: checking for time.h
configure:12139: result: yes
configure:12139: checking errno.h usability
configure:12139: gcc -c -g -O2  conftest.c >&5
configure:12139: $? = 0
configure:12139: result: yes
configure:12139: checking errno.h presence
configure:12139: gcc -E  conftest.c
configure:12139: $? = 0
configure:12139: result: yes
configure:12139: checking for errno.h
configure:12139: result: yes
configure:12139: checking stdarg.h usability
configure:12139: gcc -c -g -O2  conftest.c >&5
configure:12139: $? = 0
configure:12139: result: yes
configure:12139: checking stdarg.h presence
configure:12139: gcc -E  conftest.c
configure:12139: $? = 0
configure:12139: result: yes
configure:12139: checking for stdarg.h
configure:12139: result: yes
configure:12139: checking limits.h usability
configure:12139: gcc -c -g -O2  conftest.c >&5
configure:12139: $? = 0
configure:12139: result: yes
configure:12139: checking limits.h presence
configure:12139: gcc -E  conftest.c
configure:12139: $? = 0
configure:12139: result: yes
configure:12139: checking for limits.h
configure:12139: result: yes
configure:12139: checking signal.h usability
configure:12139: gcc -c -g -O2  conftest.c >&5
configure:12139: $? = 0
configure:12139: result: yes
configure:12139: checking signal.h presence
configure:12139: gcc -E  conftest.c
configure:12139: $? = 0
configure:12139: result: yes
configure:12139: checking for signal.h
configure:12139: result: yes
configure:12139: checking for stdlib.h
configure:12139: result: yes
configure:12152: checking for inttypes.h
configure:12152: result: yes
configure:12152: checking math.h usability
configure:12152: gcc -c -g -O2  conftest.c >&5
configure:12152: $? = 0
configure:12152: result: yes
configure:12152: checking math.h presence
configure:12152: gcc -E  conftest.c
configure:12152: $? = 0
configure:12152: result: yes
configure:12152: checking for math.h
configure:12152: result: yes
configure:12162: checking for pow in -lm
configure:12187: gcc -o conftest -g -O2  -L/usr/lib64/nvidia -L/opt/cuda-9.1/lib64 conftest.c -lm   >&5
conftest.c:48:6: warning: conflicting types for built-in function 'pow' [-Wbuiltin-declaration-mismatch]
 char pow ();
      ^~~
configure:12187: $? = 0
configure:12196: result: yes
configure:12207: checking for fclose in -lstdc++
configure:12232: gcc -o conftest -g -O2  -L/usr/lib64/nvidia -L/opt/cuda-9.1/lib64 conftest.c -lstdc++  -lm  >&5
configure:12232: $? = 0
configure:12241: result: yes
configure:12262: checking for gcc option to support OpenMP
configure:12277: gcc -o conftest -g -O2  -L/usr/lib64/nvidia -L/opt/cuda-9.1/lib64 conftest.c -lstdc++ -lm  >&5
conftest.c:45:2: error: unknown type name 'choke'
  choke me
  ^~~~~
conftest.c:45:10: error: expected ';' before 'typedef'
  choke me
          ^
          ;
configure:12277: $? = 1
configure: failed program was:
| /* confdefs.h */
| #define PACKAGE_NAME "INF8601-LAB2"
| #define PACKAGE_TARNAME "inf8601-lab2"
| #define PACKAGE_VERSION "2.1.7"
| #define PACKAGE_STRING "INF8601-LAB2 2.1.7"
| #define PACKAGE_BUGREPORT ""
| #define PACKAGE_URL ""
| #define PACKAGE "inf8601-lab2"
| #define VERSION "2.1.7"
| #define STDC_HEADERS 1
| #define HAVE_SYS_TYPES_H 1
| #define HAVE_SYS_STAT_H 1
| #define HAVE_STDLIB_H 1
| #define HAVE_STRING_H 1
| #define HAVE_MEMORY_H 1
| #define HAVE_STRINGS_H 1
| #define HAVE_INTTYPES_H 1
| #define HAVE_STDINT_H 1
| #define HAVE_UNISTD_H 1
| #define __EXTENSIONS__ 1
| #define _ALL_SOURCE 1
| #define _GNU_SOURCE 1
| #define _POSIX_PTHREAD_SEMANTICS 1
| #define _TANDEM_SOURCE 1
| #define HAVE_DLFCN_H 1
| #define LT_OBJDIR ".libs/"
| #define HAVE_SYS_TYPES_H 1
| #define HAVE_UNISTD_H 1
| #define HAVE_FCNTL_H 1
| #define HAVE_STRINGS_H 1
| #define HAVE_PTHREAD_H 1
| #define HAVE_TIME_H 1
| #define HAVE_ERRNO_H 1
| #define HAVE_STDARG_H 1
| #define HAVE_LIMITS_H 1
| #define HAVE_SIGNAL_H 1
| #define HAVE_STDLIB_H 1
| #define HAVE_INTTYPES_H 1
| #define HAVE_MATH_H 1
| #define HAVE_LIBM 1
| #define HAVE_LIBSTDC__ 1
| /* end confdefs.h.  */
| 
| #ifndef _OPENMP
|  choke me
| #endif
| #include <omp.h>
| int main () { return omp_get_num_threads (); }
| 
configure:12295: gcc -o conftest -g -O2 -fopenmp  -L/usr/lib64/nvidia -L/opt/cuda-9.1/lib64 conftest.c -lstdc++ -lm  >&5
configure:12295: $? = 0
configure:12309: result: -fopenmp
configure:12331: checking CL/cl.h usability
configure:12331: gcc -c -g -O2  -I/opt/cuda-9.1/include/ conftest.c >&5
configure:12331: $? = 0
configure:12331: result: yes
configure:12331: checking CL/cl.h presence
configure:12331: gcc -E  -I/opt/cuda-9.1/include/ conftest.c
configure:12331: $? = 0
configure:12331: result: yes
configure:12331: checking for CL/cl.h
configure:12331: result: yes
configure:12363: checking whether host is Mac OS
configure:12372: result: no
configure:12374: checking for clGetPlatformIDs in -lOpenCL
configure:12399: gcc -o conftest -g -O2  -I/opt/cuda-9.1/include/ -L/usr/lib64/nvidia -L/opt/cuda-9.1/lib64 conftest.c -lOpenCL  -lstdc++ -lm  >&5
configure:12399: $? = 0
configure:12408: result: yes
configure:12426: checking whether to enable debug mode
configure:12444: result: no
configure:12466: checking whether make supports nested variables
configure:12483: result: yes
configure:12544: checking for gcc
configure:12571: result: gcc
configure:12800: checking for C compiler version
configure:12809: gcc --version >&5
gcc (GCC) 8.1.1 20180712 (Red Hat 8.1.1-5)
Copyright (C) 2018 Free Software Foundation, Inc.
This is free software; see the source for copying conditions.  There is NO
warranty; not even for MERCHANTABILITY or FITNESS FOR A PARTICULAR PURPOSE.

configure:12820: $? = 0
configure:12809: gcc -v >&5
Using built-in specs.
COLLECT_GCC=gcc
COLLECT_LTO_WRAPPER=/usr/libexec/gcc/x86_64-redhat-linux/8/lto-wrapper
OFFLOAD_TARGET_NAMES=nvptx-none
OFFLOAD_TARGET_DEFAULT=1
Target: x86_64-redhat-linux
Configured with: ../configure --enable-bootstrap --enable-languages=c,c++,fortran,objc,obj-c++,ada,go,lto --prefix=/usr --mandir=/usr/share/man --infodir=/usr/share/info --with-bugurl=http://bugzilla.redhat.com/bugzilla --enable-shared --enable-threads=posix --enable-checking=release --enable-multilib --with-system-zlib --enable-__cxa_atexit --disable-libunwind-exceptions --enable-gnu-unique-object --enable-linker-build-id --with-gcc-major-version-only --with-linker-hash-style=gnu --enable-plugin --enable-initfini-array --with-isl --enable-libmpx --enable-offload-targets=nvptx-none --without-cuda-driver --enable-gnu-indirect-function --enable-cet --with-tune=generic --with-arch_32=i686 --build=x86_64-redhat-linux
Thread model: posix
gcc version 8.1.1 20180712 (Red Hat 8.1.1-5) (GCC) 
configure:12820: $? = 0
configure:12809: gcc -V >&5
gcc: error: unrecognized command line option '-V'
gcc: fatal error: no input files
compilation terminated.
configure:12820: $? = 1
configure:12809: gcc -qversion >&5
gcc: error: unrecognized command line option '-qversion'; did you mean '--version'?
gcc: fatal error: no input files
compilation terminated.
configure:12820: $? = 1
configure:12824: checking whether we are using the GNU C compiler
configure:12852: result: yes
configure:12861: checking whether gcc accepts -g
configure:12922: result: yes
configure:12939: checking for gcc option to accept ISO C89
configure:13015: result: none needed
configure:13040: checking whether gcc understands -c and -o together
configure:13077: result: yes
configure:13096: checking dependency style of gcc
configure:13207: result: gcc3
configure:13280: checking for g++
configure:13296: found /usr/bin/g++
configure:13307: result: g++
configure:13334: checking for C++ compiler version
configure:13343: g++ --version >&5
g++ (GCC) 8.1.1 20180712 (Red Hat 8.1.1-5)
Copyright (C) 2018 Free Software Foundation, Inc.
This is free software; see the source for copying conditions.  There is NO
warranty; not even for MERCHANTABILITY or FITNESS FOR A PARTICULAR PURPOSE.

configure:13354: $? = 0
configure:13343: g++ -v >&5
Using built-in specs.
COLLECT_GCC=g++
COLLECT_LTO_WRAPPER=/usr/libexec/gcc/x86_64-redhat-linux/8/lto-wrapper
OFFLOAD_TARGET_NAMES=nvptx-none
OFFLOAD_TARGET_DEFAULT=1
Target: x86_64-redhat-linux
Configured with: ../configure --enable-bootstrap --enable-languages=c,c++,fortran,objc,obj-c++,ada,go,lto --prefix=/usr --mandir=/usr/share/man --infodir=/usr/share/info --with-bugurl=http://bugzilla.redhat.com/bugzilla --enable-shared --enable-threads=posix --enable-checking=release --enable-multilib --with-system-zlib --enable-__cxa_atexit --disable-libunwind-exceptions --enable-gnu-unique-object --enable-linker-build-id --with-gcc-major-version-only --with-linker-hash-style=gnu --enable-plugin --enable-initfini-array --with-isl --enable-libmpx --enable-offload-targets=nvptx-none --without-cuda-driver --enable-gnu-indirect-function --enable-cet --with-tune=generic --with-arch_32=i686 --build=x86_64-redhat-linux
Thread model: posix
gcc version 8.1.1 20180712 (Red Hat 8.1.1-5) (GCC) 
configure:13354: $? = 0
configure:13343: g++ -V >&5
g++: error: unrecognized command line option '-V'
g++: fatal error: no input files
compilation terminated.
configure:13354: $? = 1
configure:13343: g++ -qversion >&5
g++: error: unrecognized command line option '-qversion'; did you mean '--version'?
g++: fatal error: no input files
compilation terminated.
configure:13354: $? = 1
configure:13358: checking whether we are using the GNU C++ compiler
configure:13377: g++ -c   -I/opt/cuda-9.1/include/ conftest.cpp >&5
configure:13377: $? = 0
configure:13386: result: yes
configure:13395: checking whether g++ accepts -g
configure:13415: g++ -c -g  -I/opt/cuda-9.1/include/ conftest.cpp >&5
configure:13415: $? = 0
configure:13456: result: yes
configure:13481: checking dependency style of g++
configure:13592: result: gcc3
configure:13625: checking how to run the C++ preprocessor
configure:13652: g++ -E  -I/opt/cuda-9.1/include/ conftest.cpp
configure:13652: $? = 0
configure:13666: g++ -E  -I/opt/cuda-9.1/include/ conftest.cpp
conftest.cpp:45:10: fatal error: ac_nonexistent.h: No such file or directory
 #include <ac_nonexistent.h>
          ^~~~~~~~~~~~~~~~~~
compilation terminated.
configure:13666: $? = 1
configure: failed program was:
| /* confdefs.h */
| #define PACKAGE_NAME "INF8601-LAB2"
| #define PACKAGE_TARNAME "inf8601-lab2"
| #define PACKAGE_VERSION "2.1.7"
| #define PACKAGE_STRING "INF8601-LAB2 2.1.7"
| #define PACKAGE_BUGREPORT ""
| #define PACKAGE_URL ""
| #define PACKAGE "inf8601-lab2"
| #define VERSION "2.1.7"
| #define STDC_HEADERS 1
| #define HAVE_SYS_TYPES_H 1
| #define HAVE_SYS_STAT_H 1
| #define HAVE_STDLIB_H 1
| #define HAVE_STRING_H 1
| #define HAVE_MEMORY_H 1
| #define HAVE_STRINGS_H 1
| #define HAVE_INTTYPES_H 1
| #define HAVE_STDINT_H 1
| #define HAVE_UNISTD_H 1
| #define __EXTENSIONS__ 1
| #define _ALL_SOURCE 1
| #define _GNU_SOURCE 1
| #define _POSIX_PTHREAD_SEMANTICS 1
| #define _TANDEM_SOURCE 1
| #define HAVE_DLFCN_H 1
| #define LT_OBJDIR ".libs/"
| #define HAVE_SYS_TYPES_H 1
| #define HAVE_UNISTD_H 1
| #define HAVE_FCNTL_H 1
| #define HAVE_STRINGS_H 1
| #define HAVE_PTHREAD_H 1
| #define HAVE_TIME_H 1
| #define HAVE_ERRNO_H 1
| #define HAVE_STDARG_H 1
| #define HAVE_LIMITS_H 1
| #define HAVE_SIGNAL_H 1
| #define HAVE_STDLIB_H 1
| #define HAVE_INTTYPES_H 1
| #define HAVE_MATH_H 1
| #define HAVE_LIBM 1
| #define HAVE_LIBSTDC__ 1
| #define HAVE_CL_CL_H 1
| #define HAVE_LIBOPENCL 1
| /* end confdefs.h.  */
| #include <ac_nonexistent.h>
configure:13691: result: g++ -E
configure:13711: g++ -E  -I/opt/cuda-9.1/include/ conftest.cpp
configure:13711: $? = 0
configure:13725: g++ -E  -I/opt/cuda-9.1/include/ conftest.cpp
conftest.cpp:45:10: fatal error: ac_nonexistent.h: No such file or directory
 #include <ac_nonexistent.h>
          ^~~~~~~~~~~~~~~~~~
compilation terminated.
configure:13725: $? = 1
configure: failed program was:
| /* confdefs.h */
| #define PACKAGE_NAME "INF8601-LAB2"
| #define PACKAGE_TARNAME "inf8601-lab2"
| #define PACKAGE_VERSION "2.1.7"
| #define PACKAGE_STRING "INF8601-LAB2 2.1.7"
| #define PACKAGE_BUGREPORT ""
| #define PACKAGE_URL ""
| #define PACKAGE "inf8601-lab2"
| #define VERSION "2.1.7"
| #define STDC_HEADERS 1
| #define HAVE_SYS_TYPES_H 1
| #define HAVE_SYS_STAT_H 1
| #define HAVE_STDLIB_H 1
| #define HAVE_STRING_H 1
| #define HAVE_MEMORY_H 1
| #define HAVE_STRINGS_H 1
| #define HAVE_INTTYPES_H 1
| #define HAVE_STDINT_H 1
| #define HAVE_UNISTD_H 1
| #define __EXTENSIONS__ 1
| #define _ALL_SOURCE 1
| #define _GNU_SOURCE 1
| #define _POSIX_PTHREAD_SEMANTICS 1
| #define _TANDEM_SOURCE 1
| #define HAVE_DLFCN_H 1
| #define LT_OBJDIR ".libs/"
| #define HAVE_SYS_TYPES_H 1
| #define HAVE_UNISTD_H 1
| #define HAVE_FCNTL_H 1
| #define HAVE_STRINGS_H 1
| #define HAVE_PTHREAD_H 1
| #define HAVE_TIME_H 1
| #define HAVE_ERRNO_H 1
| #define HAVE_STDARG_H 1
| #define HAVE_LIMITS_H 1
| #define HAVE_SIGNAL_H 1
| #define HAVE_STDLIB_H 1
| #define HAVE_INTTYPES_H 1
| #define HAVE_MATH_H 1
| #define HAVE_LIBM 1
| #define HAVE_LIBSTDC__ 1
| #define HAVE_CL_CL_H 1
| #define HAVE_LIBOPENCL 1
| /* end confdefs.h.  */
| #include <ac_nonexistent.h>
configure:13887: checking for ld used by g++
configure:13954: result: /usr/bin/ld -m elf_x86_64
configure:13961: checking if the linker (/usr/bin/ld -m elf_x86_64) is GNU ld
configure:13976: result: yes
configure:14031: checking whether the g++ linker (/usr/bin/ld -m elf_x86_64) supports shared libraries
configure:15104: result: yes
configure:15140: g++ -c -g -O2  -I/opt/cuda-9.1/include/ conftest.cpp >&5
configure:15143: $? = 0
configure:15624: checking for g++ option to produce PIC
configure:15631: result: -fPIC -DPIC
configure:15639: checking if g++ PIC flag -fPIC -DPIC works
configure:15657: g++ -c -g -O2  -I/opt/cuda-9.1/include/ -fPIC -DPIC -DPIC conftest.cpp >&5
configure:15661: $? = 0
configure:15674: result: yes
configure:15697: checking if g++ static flag -static works
configure:15725: result: no
configure:15737: checking if g++ supports -c -o file.o
configure:15758: g++ -c -g -O2  -I/opt/cuda-9.1/include/ -o out/conftest2.o conftest.cpp >&5
configure:15762: $? = 0
configure:15784: result: yes
configure:15789: checking if g++ supports -c -o file.o
configure:15836: result: yes
configure:15866: checking whether the g++ linker (/usr/bin/ld -m elf_x86_64) supports shared libraries
configure:15906: result: yes
configure:16047: checking dynamic linker characteristics
configure:16795: result: GNU/Linux ld.so
configure:16860: checking how to hardcode library paths into programs
configure:16885: result: immediate
configure:16969: checking for ranlib
configure:16996: result: ranlib
configure:17129: checking that generated files are newer than configure
configure:17135: result: done
configure:17166: creating ./config.status

## ---------------------- ##
## Running config.status. ##
## ---------------------- ##

This file was extended by INF8601-LAB2 config.status 2.1.7, which was
generated by GNU Autoconf 2.69.  Invocation command line was

  CONFIG_FILES    = 
  CONFIG_HEADERS  = 
  CONFIG_LINKS    = 
  CONFIG_COMMANDS = 
  $ ./config.status 

on l4712-04.info.polymtl.ca

config.status:1173: creating Makefile
config.status:1173: creating tests/Makefile
config.status:1173: creating encode/Makefile
config.status:1173: creating src/Makefile
config.status:1173: creating config.h
config.status:1354: config.h is unchanged
config.status:1402: executing depfiles commands
config.status:1402: executing libtool commands

## ---------------- ##
## Cache variables. ##
## ---------------- ##

ac_cv_build=x86_64-pc-linux-gnu
ac_cv_c_compiler_gnu=yes
ac_cv_cxx_compiler_gnu=yes
ac_cv_env_CCC_set=
ac_cv_env_CCC_value=
ac_cv_env_CC_set=
ac_cv_env_CC_value=
ac_cv_env_CFLAGS_set=
ac_cv_env_CFLAGS_value=
ac_cv_env_CPPFLAGS_set=
ac_cv_env_CPPFLAGS_value=
ac_cv_env_CPP_set=
ac_cv_env_CPP_value=
ac_cv_env_CXXCPP_set=
ac_cv_env_CXXCPP_value=
ac_cv_env_CXXFLAGS_set=
ac_cv_env_CXXFLAGS_value=
ac_cv_env_CXX_set=
ac_cv_env_CXX_value=
ac_cv_env_LDFLAGS_set=set
ac_cv_env_LDFLAGS_value='-L/usr/lib64/nvidia -L/opt/cuda-9.1/lib64'
ac_cv_env_LIBS_set=
ac_cv_env_LIBS_value=
ac_cv_env_LT_SYS_LIBRARY_PATH_set=
ac_cv_env_LT_SYS_LIBRARY_PATH_value=
ac_cv_env_build_alias_set=
ac_cv_env_build_alias_value=
ac_cv_env_host_alias_set=
ac_cv_env_host_alias_value=
ac_cv_env_target_alias_set=
ac_cv_env_target_alias_value=
ac_cv_header_CL_cl_h=yes
ac_cv_header_dlfcn_h=yes
ac_cv_header_errno_h=yes
ac_cv_header_fcntl_h=yes
ac_cv_header_inttypes_h=yes
ac_cv_header_limits_h=yes
ac_cv_header_math_h=yes
ac_cv_header_memory_h=yes
ac_cv_header_minix_config_h=no
ac_cv_header_pthread_h=yes
ac_cv_header_signal_h=yes
ac_cv_header_stdarg_h=yes
ac_cv_header_stdc=yes
ac_cv_header_stdint_h=yes
ac_cv_header_stdlib_h=yes
ac_cv_header_string_h=yes
ac_cv_header_strings_h=yes
ac_cv_header_sys_stat_h=yes
ac_cv_header_sys_types_h=yes
ac_cv_header_time_h=yes
ac_cv_header_unistd_h=yes
ac_cv_host=x86_64-pc-linux-gnu
ac_cv_lib_OpenCL_clGetPlatformIDs=yes
ac_cv_lib_m_pow=yes
ac_cv_lib_stdcpp_fclose=yes
ac_cv_objext=o
ac_cv_path_EGREP='/usr/bin/grep -E'
ac_cv_path_FGREP='/usr/bin/grep -F'
ac_cv_path_GREP=/usr/bin/grep
ac_cv_path_SED=/usr/bin/sed
ac_cv_path_install='/usr/bin/install -c'
ac_cv_path_lt_DD=/usr/bin/dd
ac_cv_path_mkdir=/usr/bin/mkdir
ac_cv_prog_AWK=gawk
ac_cv_prog_CPP='gcc -E'
ac_cv_prog_CXXCPP='g++ -E'
ac_cv_prog_ac_ct_AR=ar
ac_cv_prog_ac_ct_CC=gcc
ac_cv_prog_ac_ct_CXX=g++
ac_cv_prog_ac_ct_OBJDUMP=objdump
ac_cv_prog_ac_ct_RANLIB=ranlib
ac_cv_prog_ac_ct_STRIP=strip
ac_cv_prog_c_openmp=-fopenmp
ac_cv_prog_cc_c89=
ac_cv_prog_cc_g=yes
ac_cv_prog_cxx_g=yes
ac_cv_prog_make_make_set=yes
ac_cv_safe_to_define___extensions__=yes
am_cv_CC_dependencies_compiler_type=gcc3
am_cv_CXX_dependencies_compiler_type=gcc3
am_cv_make_support_nested_variables=yes
am_cv_prog_cc_c_o=yes
lt_cv_ar_at_file=@
lt_cv_archive_cmds_need_lc=no
lt_cv_deplibs_check_method=pass_all
lt_cv_file_magic_cmd='$MAGIC_CMD'
lt_cv_file_magic_test_file=
lt_cv_ld_reload_flag=-r
lt_cv_nm_interface='BSD nm'
lt_cv_objdir=.libs
lt_cv_path_LD=/usr/bin/ld
lt_cv_path_LDCXX='/usr/bin/ld -m elf_x86_64'
lt_cv_path_NM='/usr/bin/nm -B'
lt_cv_path_mainfest_tool=no
lt_cv_prog_compiler_c_o=yes
lt_cv_prog_compiler_c_o_CXX=yes
lt_cv_prog_compiler_pic='-fPIC -DPIC'
lt_cv_prog_compiler_pic_CXX='-fPIC -DPIC'
lt_cv_prog_compiler_pic_works=yes
lt_cv_prog_compiler_pic_works_CXX=yes
lt_cv_prog_compiler_rtti_exceptions=no
lt_cv_prog_compiler_static_works=yes
lt_cv_prog_compiler_static_works_CXX=no
lt_cv_prog_gnu_ld=yes
lt_cv_prog_gnu_ldcxx=yes
lt_cv_sharedlib_from_linklib_cmd='printf %s\n'
lt_cv_shlibpath_overrides_runpath=no
lt_cv_sys_global_symbol_pipe='sed -n -e '\''s/^.*[	 ]\([ABCDGIRSTW][ABCDGIRSTW]*\)[	 ][	 ]*\([_A-Za-z][_A-Za-z0-9]*\)$/\1 \2 \2/p'\'' | sed '\''/ __gnu_lto/d'\'''
lt_cv_sys_global_symbol_to_c_name_address='sed -n -e '\''s/^: \(.*\) .*$/  {"\1", (void *) 0},/p'\'' -e '\''s/^[ABCDGIRSTW][ABCDGIRSTW]* .* \(.*\)$/  {"\1", (void *) \&\1},/p'\'''
lt_cv_sys_global_symbol_to_c_name_address_lib_prefix='sed -n -e '\''s/^: \(.*\) .*$/  {"\1", (void *) 0},/p'\'' -e '\''s/^[ABCDGIRSTW][ABCDGIRSTW]* .* \(lib.*\)$/  {"\1", (void *) \&\1},/p'\'' -e '\''s/^[ABCDGIRSTW][ABCDGIRSTW]* .* \(.*\)$/  {"lib\1", (void *) \&\1},/p'\'''
lt_cv_sys_global_symbol_to_cdecl='sed -n -e '\''s/^T .* \(.*\)$/extern int \1();/p'\'' -e '\''s/^[ABCDGIRSTW][ABCDGIRSTW]* .* \(.*\)$/extern char \1;/p'\'''
lt_cv_sys_global_symbol_to_import=
lt_cv_sys_max_cmd_len=1572864
lt_cv_to_host_file_cmd=func_convert_file_noop
lt_cv_to_tool_file_cmd=func_convert_file_noop
lt_cv_truncate_bin='/usr/bin/dd bs=4096 count=1'

## ----------------- ##
## Output variables. ##
## ----------------- ##

ACLOCAL='${SHELL} /usagers2/lechaf/INF8601/INF8601/tp2/inf8601-lab2/missing aclocal-1.15'
AMDEPBACKSLASH='\'
AMDEP_FALSE='#'
AMDEP_TRUE=''
AMTAR='$${TAR-tar}'
AM_BACKSLASH='\'
AM_DEFAULT_V='$(AM_DEFAULT_VERBOSITY)'
AM_DEFAULT_VERBOSITY='0'
AM_V='$(V)'
AR='ar'
AUTOCONF='${SHELL} /usagers2/lechaf/INF8601/INF8601/tp2/inf8601-lab2/missing autoconf'
AUTOHEADER='${SHELL} /usagers2/lechaf/INF8601/INF8601/tp2/inf8601-lab2/missing autoheader'
AUTOMAKE='${SHELL} /usagers2/lechaf/INF8601/INF8601/tp2/inf8601-lab2/missing automake-1.15'
AWK='gawk'
CC='gcc'
CCDEPMODE='depmode=gcc3'
CFLAGS='-Wall -O3 -fomit-frame-pointer'
CPP='gcc -E'
CPPFLAGS=' -I/opt/cuda-9.1/include/'
CXX='g++'
CXXCPP='g++ -E'
CXXDEPMODE='depmode=gcc3'
CXXFLAGS='-g -O2'
CYGPATH_W='echo'
DEFS='-DHAVE_CONFIG_H'
DEPDIR='.deps'
DLLTOOL='false'
DSYMUTIL=''
DUMPBIN=''
ECHO_C=''
ECHO_N='-n'
ECHO_T=''
EGREP='/usr/bin/grep -E'
EXEEXT=''
FGREP='/usr/bin/grep -F'
GREP='/usr/bin/grep'
INSTALL_DATA='${INSTALL} -m 644'
INSTALL_PROGRAM='${INSTALL}'
INSTALL_SCRIPT='${INSTALL}'
INSTALL_STRIP_PROGRAM='$(install_sh) -c -s'
LD='/usr/bin/ld -m elf_x86_64'
LDFLAGS='-L/usr/lib64/nvidia -L/opt/cuda-9.1/lib64'
LIBOBJS=''
LIBS='-lOpenCL -lstdc++ -lm '
LIBTOOL='$(SHELL) $(top_builddir)/libtool'
LIPO=''
LN_S='ln -s'
LTLIBOBJS=''
LT_SYS_LIBRARY_PATH=''
MAKEINFO='${SHELL} /usagers2/lechaf/INF8601/INF8601/tp2/inf8601-lab2/missing makeinfo'
MANIFEST_TOOL=':'
MKDIR_P='/usr/bin/mkdir -p'
NM='/usr/bin/nm -B'
NMEDIT=''
OBJDUMP='objdump'
OBJEXT='o'
OPENCLCC='openclcc-embed'
OPENMP_CFLAGS='-fopenmp'
OTOOL64=''
OTOOL=''
PACKAGE='inf8601-lab2'
PACKAGE_BUGREPORT=''
PACKAGE_NAME='INF8601-LAB2'
PACKAGE_STRING='INF8601-LAB2 2.1.7'
PACKAGE_TARNAME='inf8601-lab2'
PACKAGE_URL=''
PACKAGE_VERSION='2.1.7'
PATH_SEPARATOR=':'
RANLIB='ranlib'
SED='/usr/bin/sed'
SET_MAKE=''
SHELL='/bin/sh'
STRIP='strip'
VERSION='2.1.7'
ac_ct_AR='ar'
ac_ct_CC='gcc'
ac_ct_CXX='g++'
ac_ct_DUMPBIN=''
am__EXEEXT_FALSE=''
am__EXEEXT_TRUE='#'
am__fastdepCC_FALSE='#'
am__fastdepCC_TRUE=''
am__fastdepCXX_FALSE='#'
am__fastdepCXX_TRUE=''
am__include='include'
am__isrc=''
am__leading_dot='.'
am__nodep='_no'
am__quote=''
am__tar='$${TAR-tar} chof - "$$tardir"'
am__untar='$${TAR-tar} xf -'
bindir='${exec_prefix}/bin'
build='x86_64-pc-linux-gnu'
build_alias=''
build_cpu='x86_64'
build_os='linux-gnu'
build_vendor='pc'
datadir='${datarootdir}'
datarootdir='${prefix}/share'
docdir='${datarootdir}/doc/${PACKAGE_TARNAME}'
dvidir='${docdir}'
exec_prefix='${prefix}'
host='x86_64-pc-linux-gnu'
host_alias=''
host_cpu='x86_64'
host_os='linux-gnu'
host_vendor='pc'
htmldir='${docdir}'
includedir='${prefix}/include'
infodir='${datarootdir}/info'
install_sh='${SHELL} /usagers2/lechaf/INF8601/INF8601/tp2/inf8601-lab2/install-sh'
libdir='${exec_prefix}/lib'
libexecdir='${exec_prefix}/libexec'
localedir='${datarootdir}/locale'
localstatedir='${prefix}/var'
mandir='${datarootdir}/man'
mkdir_p='$(MKDIR_P)'
oldincludedir='/usr/include'
pdfdir='${docdir}'
prefix='/usr/local'
program_transform_name='s,x,x,'
psdir='${docdir}'
sbindir='${exec_prefix}/sbin'
sharedstatedir='${prefix}/com'
sysconfdir='${prefix}/etc'
target_alias=''

## ----------- ##
## confdefs.h. ##
## ----------- ##

/* confdefs.h */
#define PACKAGE_NAME "INF8601-LAB2"
#define PACKAGE_TARNAME "inf8601-lab2"
#define PACKAGE_VERSION "2.1.7"
#define PACKAGE_STRING "INF8601-LAB2 2.1.7"
#define PACKAGE_BUGREPORT ""
#define PACKAGE_URL ""
#define PACKAGE "inf8601-lab2"
#define VERSION "2.1.7"
#define STDC_HEADERS 1
#define HAVE_SYS_TYPES_H 1
#define HAVE_SYS_STAT_H 1
#define HAVE_STDLIB_H 1
#define HAVE_STRING_H 1
#define HAVE_MEMORY_H 1
#define HAVE_STRINGS_H 1
#define HAVE_INTTYPES_H 1
#define HAVE_STDINT_H 1
#define HAVE_UNISTD_H 1
#define __EXTENSIONS__ 1
#define _ALL_SOURCE 1
#define _GNU_SOURCE 1
#define _POSIX_PTHREAD_SEMANTICS 1
#define _TANDEM_SOURCE 1
#define HAVE_DLFCN_H 1
#define LT_OBJDIR ".libs/"
#define HAVE_SYS_TYPES_H 1
#define HAVE_UNISTD_H 1
#define HAVE_FCNTL_H 1
#define HAVE_STRINGS_H 1
#define HAVE_PTHREAD_H 1
#define HAVE_TIME_H 1
#define HAVE_ERRNO_H 1
#define HAVE_STDARG_H 1
#define HAVE_LIMITS_H 1
#define HAVE_SIGNAL_H 1
#define HAVE_STDLIB_H 1
#define HAVE_INTTYPES_H 1
#define HAVE_MATH_H 1
#define HAVE_LIBM 1
#define HAVE_LIBSTDC__ 1
#define HAVE_CL_CL_H 1
#define HAVE_LIBOPENCL 1

configure: exit 0
