This file contains any messages produced by compilers while
running configure, to aid debugging if configure makes a mistake.

It was created by INF8601-LAB3 configure 2.1.5, which was
generated by GNU Autoconf 2.69.  Invocation command line was

  $ ./configure CFLAGS=-I/usr/include/openmpi-x86_64 LDFLAGS=-L/usr/lib64/openmpi/lib -lmpi --no-create --no-recursion

## --------- ##
## Platform. ##
## --------- ##

hostname = PCLeandre
uname -m = x86_64
uname -r = 4.15.0-39-generic
uname -s = Linux
uname -v = #42~16.04.1-Ubuntu SMP Wed Oct 24 17:09:54 UTC 2018

/usr/bin/uname -p = unknown
/bin/uname -X     = unknown

/bin/arch              = unknown
/usr/bin/arch -k       = unknown
/usr/convex/getsysinfo = unknown
/usr/bin/hostinfo      = unknown
/bin/machine           = unknown
/usr/bin/oslevel       = unknown
/bin/universe          = unknown

PATH: /home/leandre/bin
PATH: /home/leandre/.local/bin
PATH: /usr/local/sbin
PATH: /usr/local/bin
PATH: /usr/sbin
PATH: /usr/bin
PATH: /sbin
PATH: /bin
PATH: /usr/games
PATH: /usr/local/games
PATH: /snap/bin
PATH: /usr/lib/jvm/java-8-oracle/bin
PATH: /usr/lib/jvm/java-8-oracle/db/bin
PATH: /usr/lib/jvm/java-8-oracle/jre/bin
PATH: /opt/android-studio/bin


## ----------- ##
## Core tests. ##
## ----------- ##

configure:2296: checking for a BSD-compatible install
configure:2364: result: /usr/bin/install -c
configure:2375: checking whether build environment is sane
configure:2425: result: yes
configure:2566: checking for a thread-safe mkdir -p
configure:2605: result: /bin/mkdir -p
configure:2618: checking for gawk
configure:2634: found /usr/bin/gawk
configure:2645: result: gawk
configure:2656: checking whether make sets $(MAKE)
configure:2678: result: yes
configure:2770: checking for style of include used by make
configure:2798: result: GNU
configure:2869: checking for gcc
configure:2885: found /usr/bin/gcc
configure:2896: result: gcc
configure:3125: checking for C compiler version
configure:3134: gcc --version >&5
gcc (Ubuntu 5.4.0-6ubuntu1~16.04.10) 5.4.0 20160609
Copyright (C) 2015 Free Software Foundation, Inc.
This is free software; see the source for copying conditions.  There is NO
warranty; not even for MERCHANTABILITY or FITNESS FOR A PARTICULAR PURPOSE.

configure:3145: $? = 0
configure:3134: gcc -v >&5
Using built-in specs.
COLLECT_GCC=gcc
COLLECT_LTO_WRAPPER=/usr/lib/gcc/x86_64-linux-gnu/5/lto-wrapper
Target: x86_64-linux-gnu
Configured with: ../src/configure -v --with-pkgversion='Ubuntu 5.4.0-6ubuntu1~16.04.10' --with-bugurl=file:///usr/share/doc/gcc-5/README.Bugs --enable-languages=c,ada,c++,java,go,d,fortran,objc,obj-c++ --prefix=/usr --program-suffix=-5 --enable-shared --enable-linker-build-id --libexecdir=/usr/lib --without-included-gettext --enable-threads=posix --libdir=/usr/lib --enable-nls --with-sysroot=/ --enable-clocale=gnu --enable-libstdcxx-debug --enable-libstdcxx-time=yes --with-default-libstdcxx-abi=new --enable-gnu-unique-object --disable-vtable-verify --enable-libmpx --enable-plugin --with-system-zlib --disable-browser-plugin --enable-java-awt=gtk --enable-gtk-cairo --with-java-home=/usr/lib/jvm/java-1.5.0-gcj-5-amd64/jre --enable-java-home --with-jvm-root-dir=/usr/lib/jvm/java-1.5.0-gcj-5-amd64 --with-jvm-jar-dir=/usr/lib/jvm-exports/java-1.5.0-gcj-5-amd64 --with-arch-directory=amd64 --with-ecj-jar=/usr/share/java/eclipse-ecj.jar --enable-objc-gc --enable-multiarch --disable-werror --with-arch-32=i686 --with-abi=m64 --with-multilib-list=m32,m64,mx32 --enable-multilib --with-tune=generic --enable-checking=release --build=x86_64-linux-gnu --host=x86_64-linux-gnu --target=x86_64-linux-gnu
Thread model: posix
gcc version 5.4.0 20160609 (Ubuntu 5.4.0-6ubuntu1~16.04.10) 
configure:3145: $? = 0
configure:3134: gcc -V >&5
gcc: error: unrecognized command line option '-V'
gcc: fatal error: no input files
compilation terminated.
configure:3145: $? = 1
configure:3134: gcc -qversion >&5
gcc: error: unrecognized command line option '-qversion'
gcc: fatal error: no input files
compilation terminated.
configure:3145: $? = 1
configure:3165: checking whether the C compiler works
configure:3187: gcc -I/usr/include/openmpi-x86_64  -L/usr/lib64/openmpi/lib -lmpi conftest.c  >&5
configure:3191: $? = 0
configure:3239: result: yes
configure:3242: checking for C compiler default output file name
configure:3244: result: a.out
configure:3250: checking for suffix of executables
configure:3257: gcc -o conftest -I/usr/include/openmpi-x86_64  -L/usr/lib64/openmpi/lib -lmpi conftest.c  >&5
configure:3261: $? = 0
configure:3283: result: 
configure:3305: checking whether we are cross compiling
configure:3313: gcc -o conftest -I/usr/include/openmpi-x86_64  -L/usr/lib64/openmpi/lib -lmpi conftest.c  >&5
configure:3317: $? = 0
configure:3324: ./conftest
configure:3328: $? = 0
configure:3343: result: no
configure:3348: checking for suffix of object files
configure:3370: gcc -c -I/usr/include/openmpi-x86_64  conftest.c >&5
configure:3374: $? = 0
configure:3395: result: o
configure:3399: checking whether we are using the GNU C compiler
configure:3418: gcc -c -I/usr/include/openmpi-x86_64  conftest.c >&5
configure:3418: $? = 0
configure:3427: result: yes
configure:3436: checking whether gcc accepts -g
configure:3456: gcc -c -g  conftest.c >&5
configure:3456: $? = 0
configure:3497: result: yes
configure:3514: checking for gcc option to accept ISO C89
configure:3577: gcc  -c -I/usr/include/openmpi-x86_64  conftest.c >&5
configure:3577: $? = 0
configure:3590: result: none needed
configure:3612: checking dependency style of gcc
configure:3723: result: gcc3
configure:3744: checking how to run the C preprocessor
configure:3775: gcc -E  conftest.c
configure:3775: $? = 0
configure:3789: gcc -E  conftest.c
conftest.c:11:28: fatal error: ac_nonexistent.h: No such file or directory
compilation terminated.
configure:3789: $? = 1
configure: failed program was:
| /* confdefs.h */
| #define PACKAGE_NAME "INF8601-LAB3"
| #define PACKAGE_TARNAME "inf8601-lab3"
| #define PACKAGE_VERSION "2.1.5"
| #define PACKAGE_STRING "INF8601-LAB3 2.1.5"
| #define PACKAGE_BUGREPORT ""
| #define PACKAGE_URL ""
| #define PACKAGE "inf8601-lab3"
| #define VERSION "2.1.5"
| /* end confdefs.h.  */
| #include <ac_nonexistent.h>
configure:3814: result: gcc -E
configure:3834: gcc -E  conftest.c
configure:3834: $? = 0
configure:3848: gcc -E  conftest.c
conftest.c:11:28: fatal error: ac_nonexistent.h: No such file or directory
compilation terminated.
configure:3848: $? = 1
configure: failed program was:
| /* confdefs.h */
| #define PACKAGE_NAME "INF8601-LAB3"
| #define PACKAGE_TARNAME "inf8601-lab3"
| #define PACKAGE_VERSION "2.1.5"
| #define PACKAGE_STRING "INF8601-LAB3 2.1.5"
| #define PACKAGE_BUGREPORT ""
| #define PACKAGE_URL ""
| #define PACKAGE "inf8601-lab3"
| #define VERSION "2.1.5"
| /* end confdefs.h.  */
| #include <ac_nonexistent.h>
configure:3877: checking for grep that handles long lines and -e
configure:3935: result: /bin/grep
configure:3940: checking for egrep
configure:4002: result: /bin/grep -E
configure:4007: checking for ANSI C header files
configure:4027: gcc -c -I/usr/include/openmpi-x86_64  conftest.c >&5
configure:4027: $? = 0
configure:4100: gcc -o conftest -I/usr/include/openmpi-x86_64  -L/usr/lib64/openmpi/lib -lmpi conftest.c  >&5
configure:4100: $? = 0
configure:4100: ./conftest
configure:4100: $? = 0
configure:4111: result: yes
configure:4124: checking for sys/types.h
configure:4124: gcc -c -I/usr/include/openmpi-x86_64  conftest.c >&5
configure:4124: $? = 0
configure:4124: result: yes
configure:4124: checking for sys/stat.h
configure:4124: gcc -c -I/usr/include/openmpi-x86_64  conftest.c >&5
configure:4124: $? = 0
configure:4124: result: yes
configure:4124: checking for stdlib.h
configure:4124: gcc -c -I/usr/include/openmpi-x86_64  conftest.c >&5
configure:4124: $? = 0
configure:4124: result: yes
configure:4124: checking for string.h
configure:4124: gcc -c -I/usr/include/openmpi-x86_64  conftest.c >&5
configure:4124: $? = 0
configure:4124: result: yes
configure:4124: checking for memory.h
configure:4124: gcc -c -I/usr/include/openmpi-x86_64  conftest.c >&5
configure:4124: $? = 0
configure:4124: result: yes
configure:4124: checking for strings.h
configure:4124: gcc -c -I/usr/include/openmpi-x86_64  conftest.c >&5
configure:4124: $? = 0
configure:4124: result: yes
configure:4124: checking for inttypes.h
configure:4124: gcc -c -I/usr/include/openmpi-x86_64  conftest.c >&5
configure:4124: $? = 0
configure:4124: result: yes
configure:4124: checking for stdint.h
configure:4124: gcc -c -I/usr/include/openmpi-x86_64  conftest.c >&5
configure:4124: $? = 0
configure:4124: result: yes
configure:4124: checking for unistd.h
configure:4124: gcc -c -I/usr/include/openmpi-x86_64  conftest.c >&5
configure:4124: $? = 0
configure:4124: result: yes
configure:4137: checking minix/config.h usability
configure:4137: gcc -c -I/usr/include/openmpi-x86_64  conftest.c >&5
conftest.c:54:26: fatal error: minix/config.h: No such file or directory
compilation terminated.
configure:4137: $? = 1
configure: failed program was:
| /* confdefs.h */
| #define PACKAGE_NAME "INF8601-LAB3"
| #define PACKAGE_TARNAME "inf8601-lab3"
| #define PACKAGE_VERSION "2.1.5"
| #define PACKAGE_STRING "INF8601-LAB3 2.1.5"
| #define PACKAGE_BUGREPORT ""
| #define PACKAGE_URL ""
| #define PACKAGE "inf8601-lab3"
| #define VERSION "2.1.5"
| #define STDC_HEADERS 1
| #define HAVE_SYS_TYPES_H 1
| #define HAVE_SYS_STAT_H 1
| #define HAVE_STDLIB_H 1
| #define HAVE_STRING_H 1
| #define HAVE_MEMORY_H 1
| #define HAVE_STRINGS_H 1
| #define HAVE_INTTYPES_H 1
| #define HAVE_STDINT_H 1
| #define HAVE_UNISTD_H 1
| /* end confdefs.h.  */
| #include <stdio.h>
| #ifdef HAVE_SYS_TYPES_H
| # include <sys/types.h>
| #endif
| #ifdef HAVE_SYS_STAT_H
| # include <sys/stat.h>
| #endif
| #ifdef STDC_HEADERS
| # include <stdlib.h>
| # include <stddef.h>
| #else
| # ifdef HAVE_STDLIB_H
| #  include <stdlib.h>
| # endif
| #endif
| #ifdef HAVE_STRING_H
| # if !defined STDC_HEADERS && defined HAVE_MEMORY_H
| #  include <memory.h>
| # endif
| # include <string.h>
| #endif
| #ifdef HAVE_STRINGS_H
| # include <strings.h>
| #endif
| #ifdef HAVE_INTTYPES_H
| # include <inttypes.h>
| #endif
| #ifdef HAVE_STDINT_H
| # include <stdint.h>
| #endif
| #ifdef HAVE_UNISTD_H
| # include <unistd.h>
| #endif
| #include <minix/config.h>
configure:4137: result: no
configure:4137: checking minix/config.h presence
configure:4137: gcc -E  conftest.c
conftest.c:21:26: fatal error: minix/config.h: No such file or directory
compilation terminated.
configure:4137: $? = 1
configure: failed program was:
| /* confdefs.h */
| #define PACKAGE_NAME "INF8601-LAB3"
| #define PACKAGE_TARNAME "inf8601-lab3"
| #define PACKAGE_VERSION "2.1.5"
| #define PACKAGE_STRING "INF8601-LAB3 2.1.5"
| #define PACKAGE_BUGREPORT ""
| #define PACKAGE_URL ""
| #define PACKAGE "inf8601-lab3"
| #define VERSION "2.1.5"
| #define STDC_HEADERS 1
| #define HAVE_SYS_TYPES_H 1
| #define HAVE_SYS_STAT_H 1
| #define HAVE_STDLIB_H 1
| #define HAVE_STRING_H 1
| #define HAVE_MEMORY_H 1
| #define HAVE_STRINGS_H 1
| #define HAVE_INTTYPES_H 1
| #define HAVE_STDINT_H 1
| #define HAVE_UNISTD_H 1
| /* end confdefs.h.  */
| #include <minix/config.h>
configure:4137: result: no
configure:4137: checking for minix/config.h
configure:4137: result: no
configure:4158: checking whether it is safe to define __EXTENSIONS__
configure:4176: gcc -c -I/usr/include/openmpi-x86_64  conftest.c >&5
configure:4176: $? = 0
configure:4183: result: yes
configure:4202: checking build system type
configure:4216: result: x86_64-unknown-linux-gnu
configure:4236: checking host system type
configure:4249: result: x86_64-unknown-linux-gnu
configure:4269: checking for a sed that does not truncate output
configure:4333: result: /bin/sed
configure:4351: checking for fgrep
configure:4413: result: /bin/grep -F
configure:4440: checking how to print strings
configure:4467: result: printf
configure:4500: checking for ld used by gcc
configure:4567: result: /usr/bin/ld
configure:4574: checking if the linker (/usr/bin/ld) is GNU ld
configure:4589: result: yes
configure:4643: checking for BSD- or MS-compatible name lister (nm)
configure:4692: result: /usr/bin/nm -B
configure:4822: checking the name lister (/usr/bin/nm -B) interface
configure:4829: gcc -c -I/usr/include/openmpi-x86_64  conftest.c >&5
configure:4832: /usr/bin/nm -B "conftest.o"
configure:4835: output
0000000000000000 B some_variable
configure:4842: result: BSD nm
configure:4845: checking whether ln -s works
configure:4849: result: yes
configure:4857: checking the maximum length of command line arguments
configure:4988: result: 1572864
configure:5005: checking whether the shell understands some XSI constructs
configure:5015: result: yes
configure:5019: checking whether the shell understands "+="
configure:5025: result: yes
configure:5060: checking how to convert x86_64-unknown-linux-gnu file names to x86_64-unknown-linux-gnu format
configure:5100: result: func_convert_file_noop
configure:5107: checking how to convert x86_64-unknown-linux-gnu file names to toolchain format
configure:5127: result: func_convert_file_noop
configure:5134: checking for /usr/bin/ld option to reload object files
configure:5141: result: -r
configure:5215: checking for objdump
configure:5231: found /usr/bin/objdump
configure:5242: result: objdump
configure:5274: checking how to recognize dependent libraries
configure:5472: result: pass_all
configure:5557: checking for dlltool
configure:5587: result: no
configure:5617: checking how to associate runtime and link libraries
configure:5644: result: printf %s\n
configure:5704: checking for ar
configure:5720: found /usr/bin/ar
configure:5731: result: ar
configure:5768: checking for archiver @FILE support
configure:5785: gcc -c -I/usr/include/openmpi-x86_64  conftest.c >&5
configure:5785: $? = 0
configure:5788: ar cru libconftest.a @conftest.lst >&5
ar: `u' modifier ignored since `D' is the default (see `U')
configure:5791: $? = 0
configure:5796: ar cru libconftest.a @conftest.lst >&5
ar: `u' modifier ignored since `D' is the default (see `U')
ar: conftest.o: No such file or directory
configure:5799: $? = 1
configure:5811: result: @
configure:5869: checking for strip
configure:5885: found /usr/bin/strip
configure:5896: result: strip
configure:5968: checking for ranlib
configure:5984: found /usr/bin/ranlib
configure:5995: result: ranlib
configure:6097: checking command to parse /usr/bin/nm -B output from gcc object
configure:6217: gcc -c -I/usr/include/openmpi-x86_64  conftest.c >&5
configure:6220: $? = 0
configure:6224: /usr/bin/nm -B conftest.o \| sed -n -e 's/^.*[ ]\([ABCDGIRSTW][ABCDGIRSTW]*\)[ ][ ]*\([_A-Za-z][_A-Za-z0-9]*\)$/\1 \2 \2/p' | sed '/ __gnu_lto/d' \> conftest.nm
configure:6227: $? = 0
configure:6293: gcc -o conftest -I/usr/include/openmpi-x86_64  -L/usr/lib64/openmpi/lib -lmpi conftest.c conftstm.o >&5
configure:6296: $? = 0
configure:6334: result: ok
configure:6371: checking for sysroot
configure:6401: result: no
configure:6478: gcc -c -I/usr/include/openmpi-x86_64  conftest.c >&5
configure:6481: $? = 0
configure:6664: checking for mt
configure:6680: found /bin/mt
configure:6691: result: mt
configure:6714: checking if mt is a manifest tool
configure:6720: mt '-?'
configure:6728: result: no
configure:7367: checking for dlfcn.h
configure:7367: gcc -c -I/usr/include/openmpi-x86_64  conftest.c >&5
configure:7367: $? = 0
configure:7367: result: yes
configure:7573: checking for objdir
configure:7588: result: .libs
configure:7859: checking if gcc supports -fno-rtti -fno-exceptions
configure:7877: gcc -c -I/usr/include/openmpi-x86_64  -fno-rtti -fno-exceptions conftest.c >&5
cc1: warning: command line option '-fno-rtti' is valid for C++/ObjC++ but not for C
configure:7881: $? = 0
configure:7894: result: no
configure:8221: checking for gcc option to produce PIC
configure:8228: result: -fPIC -DPIC
configure:8236: checking if gcc PIC flag -fPIC -DPIC works
configure:8254: gcc -c -I/usr/include/openmpi-x86_64  -fPIC -DPIC -DPIC conftest.c >&5
configure:8258: $? = 0
configure:8271: result: yes
configure:8300: checking if gcc static flag -static works
configure:8328: result: no
configure:8343: checking if gcc supports -c -o file.o
configure:8364: gcc -c -I/usr/include/openmpi-x86_64  -o out/conftest2.o conftest.c >&5
configure:8368: $? = 0
configure:8390: result: yes
configure:8398: checking if gcc supports -c -o file.o
configure:8445: result: yes
configure:8478: checking whether the gcc linker (/usr/bin/ld -m elf_x86_64) supports shared libraries
configure:9635: result: yes
configure:9672: checking whether -lc should be explicitly linked in
configure:9680: gcc -c -I/usr/include/openmpi-x86_64  conftest.c >&5
configure:9683: $? = 0
configure:9698: gcc -shared  -fPIC -DPIC conftest.o  -v -Wl,-soname -Wl,conftest -o conftest 2\>\&1 \| /bin/grep  -lc  \>/dev/null 2\>\&1
configure:9701: $? = 0
configure:9715: result: no
configure:9875: checking dynamic linker characteristics
configure:10375: gcc -o conftest -I/usr/include/openmpi-x86_64  -L/usr/lib64/openmpi/lib -lmpi -Wl,-rpath -Wl,/foo conftest.c  >&5
configure:10375: $? = 0
configure:10609: result: GNU/Linux ld.so
configure:10716: checking how to hardcode library paths into programs
configure:10741: result: immediate
configure:11281: checking whether stripping libraries is possible
configure:11286: result: yes
configure:11321: checking if libtool supports shared libraries
configure:11323: result: yes
configure:11326: checking whether to build shared libraries
configure:11347: result: yes
configure:11350: checking whether to build static libraries
configure:11354: result: yes
configure:11395: checking for sys/types.h
configure:11395: result: yes
configure:11395: checking for unistd.h
configure:11395: result: yes
configure:11395: checking fcntl.h usability
configure:11395: gcc -c -I/usr/include/openmpi-x86_64  conftest.c >&5
configure:11395: $? = 0
configure:11395: result: yes
configure:11395: checking fcntl.h presence
configure:11395: gcc -E  conftest.c
configure:11395: $? = 0
configure:11395: result: yes
configure:11395: checking for fcntl.h
configure:11395: result: yes
configure:11395: checking for strings.h
configure:11395: result: yes
configure:11395: checking pthread.h usability
configure:11395: gcc -c -I/usr/include/openmpi-x86_64  conftest.c >&5
configure:11395: $? = 0
configure:11395: result: yes
configure:11395: checking pthread.h presence
configure:11395: gcc -E  conftest.c
configure:11395: $? = 0
configure:11395: result: yes
configure:11395: checking for pthread.h
configure:11395: result: yes
configure:11395: checking time.h usability
configure:11395: gcc -c -I/usr/include/openmpi-x86_64  conftest.c >&5
configure:11395: $? = 0
configure:11395: result: yes
configure:11395: checking time.h presence
configure:11395: gcc -E  conftest.c
configure:11395: $? = 0
configure:11395: result: yes
configure:11395: checking for time.h
configure:11395: result: yes
configure:11395: checking errno.h usability
configure:11395: gcc -c -I/usr/include/openmpi-x86_64  conftest.c >&5
configure:11395: $? = 0
configure:11395: result: yes
configure:11395: checking errno.h presence
configure:11395: gcc -E  conftest.c
configure:11395: $? = 0
configure:11395: result: yes
configure:11395: checking for errno.h
configure:11395: result: yes
configure:11395: checking stdarg.h usability
configure:11395: gcc -c -I/usr/include/openmpi-x86_64  conftest.c >&5
configure:11395: $? = 0
configure:11395: result: yes
configure:11395: checking stdarg.h presence
configure:11395: gcc -E  conftest.c
configure:11395: $? = 0
configure:11395: result: yes
configure:11395: checking for stdarg.h
configure:11395: result: yes
configure:11395: checking limits.h usability
configure:11395: gcc -c -I/usr/include/openmpi-x86_64  conftest.c >&5
configure:11395: $? = 0
configure:11395: result: yes
configure:11395: checking limits.h presence
configure:11395: gcc -E  conftest.c
configure:11395: $? = 0
configure:11395: result: yes
configure:11395: checking for limits.h
configure:11395: result: yes
configure:11395: checking signal.h usability
configure:11395: gcc -c -I/usr/include/openmpi-x86_64  conftest.c >&5
configure:11395: $? = 0
configure:11395: result: yes
configure:11395: checking signal.h presence
configure:11395: gcc -E  conftest.c
configure:11395: $? = 0
configure:11395: result: yes
configure:11395: checking for signal.h
configure:11395: result: yes
configure:11395: checking for stdlib.h
configure:11395: result: yes
configure:11408: checking for inttypes.h
configure:11408: result: yes
configure:11408: checking math.h usability
configure:11408: gcc -c -I/usr/include/openmpi-x86_64  conftest.c >&5
configure:11408: $? = 0
configure:11408: result: yes
configure:11408: checking math.h presence
configure:11408: gcc -E  conftest.c
configure:11408: $? = 0
configure:11408: result: yes
configure:11408: checking for math.h
configure:11408: result: yes
configure:11418: checking for pow in -lm
configure:11443: gcc -o conftest -I/usr/include/openmpi-x86_64  -L/usr/lib64/openmpi/lib -lmpi conftest.c -lm   >&5
conftest.c:48:6: warning: conflicting types for built-in function 'pow'
 char pow ();
      ^
configure:11443: $? = 0
configure:11452: result: yes
configure:11518: checking for pkg-config
configure:11536: found /usr/bin/pkg-config
configure:11548: result: /usr/bin/pkg-config
configure:11573: checking pkg-config is at least version 0.9.0
configure:11576: result: yes
configure:11586: checking for PNG
configure:11593: $PKG_CONFIG --exists --print-errors "libpng"
configure:11596: $? = 0
configure:11610: $PKG_CONFIG --exists --print-errors "libpng"
configure:11613: $? = 0
configure:11651: result: yes
configure:11664: checking for gcc option to support OpenMP
configure:11679: gcc -o conftest -I/usr/include/openmpi-x86_64  -L/usr/lib64/openmpi/lib -lmpi conftest.c -lm  >&5
conftest.c:44:2: error: unknown type name 'choke'
  choke me
  ^
In file included from conftest.c:46:0:
/usr/lib/gcc/x86_64-linux-gnu/5/include/omp.h:35:1: error: expected '=', ',', ';', 'asm' or '__attribute__' before 'typedef'
 typedef struct
 ^
configure:11679: $? = 1
configure: failed program was:
| /* confdefs.h */
| #define PACKAGE_NAME "INF8601-LAB3"
| #define PACKAGE_TARNAME "inf8601-lab3"
| #define PACKAGE_VERSION "2.1.5"
| #define PACKAGE_STRING "INF8601-LAB3 2.1.5"
| #define PACKAGE_BUGREPORT ""
| #define PACKAGE_URL ""
| #define PACKAGE "inf8601-lab3"
| #define VERSION "2.1.5"
| #define STDC_HEADERS 1
| #define HAVE_SYS_TYPES_H 1
| #define HAVE_SYS_STAT_H 1
| #define HAVE_STDLIB_H 1
| #define HAVE_STRING_H 1
| #define HAVE_MEMORY_H 1
| #define HAVE_STRINGS_H 1
| #define HAVE_INTTYPES_H 1
| #define HAVE_STDINT_H 1
| #define HAVE_UNISTD_H 1
| #define __EXTENSIONS__ 1
| #define _ALL_SOURCE 1
| #define _GNU_SOURCE 1
| #define _POSIX_PTHREAD_SEMANTICS 1
| #define _TANDEM_SOURCE 1
| #define HAVE_DLFCN_H 1
| #define LT_OBJDIR ".libs/"
| #define HAVE_SYS_TYPES_H 1
| #define HAVE_UNISTD_H 1
| #define HAVE_FCNTL_H 1
| #define HAVE_STRINGS_H 1
| #define HAVE_PTHREAD_H 1
| #define HAVE_TIME_H 1
| #define HAVE_ERRNO_H 1
| #define HAVE_STDARG_H 1
| #define HAVE_LIMITS_H 1
| #define HAVE_SIGNAL_H 1
| #define HAVE_STDLIB_H 1
| #define HAVE_INTTYPES_H 1
| #define HAVE_MATH_H 1
| #define HAVE_LIBM 1
| /* end confdefs.h.  */
| 
| #ifndef _OPENMP
|  choke me
| #endif
| #include <omp.h>
| int main () { return omp_get_num_threads (); }
| 
configure:11697: gcc -o conftest -I/usr/include/openmpi-x86_64 -fopenmp  -L/usr/lib64/openmpi/lib -lmpi conftest.c -lm  >&5
configure:11697: $? = 0
configure:11711: result: -fopenmp
configure:11809: checking for MPI (MPI compiler wrapper test)
configure:11825: gcc -o conftest -I/usr/include/openmpi-x86_64   -L/usr/lib64/openmpi/lib -lmpi  conftest.c -lm   >&5
conftest.c:42:17: fatal error: mpi.h: No such file or directory
compilation terminated.
configure:11825: $? = 1
configure: failed program was:
| /* confdefs.h */
| #define PACKAGE_NAME "INF8601-LAB3"
| #define PACKAGE_TARNAME "inf8601-lab3"
| #define PACKAGE_VERSION "2.1.5"
| #define PACKAGE_STRING "INF8601-LAB3 2.1.5"
| #define PACKAGE_BUGREPORT ""
| #define PACKAGE_URL ""
| #define PACKAGE "inf8601-lab3"
| #define VERSION "2.1.5"
| #define STDC_HEADERS 1
| #define HAVE_SYS_TYPES_H 1
| #define HAVE_SYS_STAT_H 1
| #define HAVE_STDLIB_H 1
| #define HAVE_STRING_H 1
| #define HAVE_MEMORY_H 1
| #define HAVE_STRINGS_H 1
| #define HAVE_INTTYPES_H 1
| #define HAVE_STDINT_H 1
| #define HAVE_UNISTD_H 1
| #define __EXTENSIONS__ 1
| #define _ALL_SOURCE 1
| #define _GNU_SOURCE 1
| #define _POSIX_PTHREAD_SEMANTICS 1
| #define _TANDEM_SOURCE 1
| #define HAVE_DLFCN_H 1
| #define LT_OBJDIR ".libs/"
| #define HAVE_SYS_TYPES_H 1
| #define HAVE_UNISTD_H 1
| #define HAVE_FCNTL_H 1
| #define HAVE_STRINGS_H 1
| #define HAVE_PTHREAD_H 1
| #define HAVE_TIME_H 1
| #define HAVE_ERRNO_H 1
| #define HAVE_STDARG_H 1
| #define HAVE_LIMITS_H 1
| #define HAVE_SIGNAL_H 1
| #define HAVE_STDLIB_H 1
| #define HAVE_INTTYPES_H 1
| #define HAVE_MATH_H 1
| #define HAVE_LIBM 1
| /* end confdefs.h.  */
| #include <mpi.h>
| int
| main ()
| {
|  MPI_Init(0, (void *)0);
|   ;
|   return 0;
| }
configure:11835: result: no
configure:11841: checking for MPI (basic test)
configure:11860: gcc -o conftest -I/usr/include/openmpi-x86_64   -L/usr/lib64/openmpi/lib -lmpi  conftest.c -lm  -lmpi  >&5
conftest.c:42:17: fatal error: mpi.h: No such file or directory
compilation terminated.
configure:11860: $? = 1
configure: failed program was:
| /* confdefs.h */
| #define PACKAGE_NAME "INF8601-LAB3"
| #define PACKAGE_TARNAME "inf8601-lab3"
| #define PACKAGE_VERSION "2.1.5"
| #define PACKAGE_STRING "INF8601-LAB3 2.1.5"
| #define PACKAGE_BUGREPORT ""
| #define PACKAGE_URL ""
| #define PACKAGE "inf8601-lab3"
| #define VERSION "2.1.5"
| #define STDC_HEADERS 1
| #define HAVE_SYS_TYPES_H 1
| #define HAVE_SYS_STAT_H 1
| #define HAVE_STDLIB_H 1
| #define HAVE_STRING_H 1
| #define HAVE_MEMORY_H 1
| #define HAVE_STRINGS_H 1
| #define HAVE_INTTYPES_H 1
| #define HAVE_STDINT_H 1
| #define HAVE_UNISTD_H 1
| #define __EXTENSIONS__ 1
| #define _ALL_SOURCE 1
| #define _GNU_SOURCE 1
| #define _POSIX_PTHREAD_SEMANTICS 1
| #define _TANDEM_SOURCE 1
| #define HAVE_DLFCN_H 1
| #define LT_OBJDIR ".libs/"
| #define HAVE_SYS_TYPES_H 1
| #define HAVE_UNISTD_H 1
| #define HAVE_FCNTL_H 1
| #define HAVE_STRINGS_H 1
| #define HAVE_PTHREAD_H 1
| #define HAVE_TIME_H 1
| #define HAVE_ERRNO_H 1
| #define HAVE_STDARG_H 1
| #define HAVE_LIMITS_H 1
| #define HAVE_SIGNAL_H 1
| #define HAVE_STDLIB_H 1
| #define HAVE_INTTYPES_H 1
| #define HAVE_MATH_H 1
| #define HAVE_LIBM 1
| /* end confdefs.h.  */
| #include <mpi.h>
| int
| main ()
| {
|  MPI_Init(0, (void *)0);
|   ;
|   return 0;
| }
configure:11870: result: no
configure:11876: checking for MPI (mpich test)
configure:11892: gcc -o conftest -I/usr/include/openmpi-x86_64   -L/usr/lib64/openmpi/lib -lmpi  conftest.c -lm  -lmpich  >&5
conftest.c:42:17: fatal error: mpi.h: No such file or directory
compilation terminated.
configure:11892: $? = 1
configure: failed program was:
| /* confdefs.h */
| #define PACKAGE_NAME "INF8601-LAB3"
| #define PACKAGE_TARNAME "inf8601-lab3"
| #define PACKAGE_VERSION "2.1.5"
| #define PACKAGE_STRING "INF8601-LAB3 2.1.5"
| #define PACKAGE_BUGREPORT ""
| #define PACKAGE_URL ""
| #define PACKAGE "inf8601-lab3"
| #define VERSION "2.1.5"
| #define STDC_HEADERS 1
| #define HAVE_SYS_TYPES_H 1
| #define HAVE_SYS_STAT_H 1
| #define HAVE_STDLIB_H 1
| #define HAVE_STRING_H 1
| #define HAVE_MEMORY_H 1
| #define HAVE_STRINGS_H 1
| #define HAVE_INTTYPES_H 1
| #define HAVE_STDINT_H 1
| #define HAVE_UNISTD_H 1
| #define __EXTENSIONS__ 1
| #define _ALL_SOURCE 1
| #define _GNU_SOURCE 1
| #define _POSIX_PTHREAD_SEMANTICS 1
| #define _TANDEM_SOURCE 1
| #define HAVE_DLFCN_H 1
| #define LT_OBJDIR ".libs/"
| #define HAVE_SYS_TYPES_H 1
| #define HAVE_UNISTD_H 1
| #define HAVE_FCNTL_H 1
| #define HAVE_STRINGS_H 1
| #define HAVE_PTHREAD_H 1
| #define HAVE_TIME_H 1
| #define HAVE_ERRNO_H 1
| #define HAVE_STDARG_H 1
| #define HAVE_LIMITS_H 1
| #define HAVE_SIGNAL_H 1
| #define HAVE_STDLIB_H 1
| #define HAVE_INTTYPES_H 1
| #define HAVE_MATH_H 1
| #define HAVE_LIBM 1
| /* end confdefs.h.  */
| #include <mpi.h>
| int
| main ()
| {
|  MPI_Init(0, (void *)0);
|   ;
|   return 0;
| }
configure:11917: gcc -o conftest -I/usr/include/openmpi-x86_64   -L/usr/lib64/openmpi/lib -lmpi  conftest.c -lm  -Wl,-lpmpich -Wl,-lmpich -Wl,-lpmpich -Wl,-lmpich >&5
conftest.c:42:17: fatal error: mpi.h: No such file or directory
compilation terminated.
configure:11917: $? = 1
configure: failed program was:
| /* confdefs.h */
| #define PACKAGE_NAME "INF8601-LAB3"
| #define PACKAGE_TARNAME "inf8601-lab3"
| #define PACKAGE_VERSION "2.1.5"
| #define PACKAGE_STRING "INF8601-LAB3 2.1.5"
| #define PACKAGE_BUGREPORT ""
| #define PACKAGE_URL ""
| #define PACKAGE "inf8601-lab3"
| #define VERSION "2.1.5"
| #define STDC_HEADERS 1
| #define HAVE_SYS_TYPES_H 1
| #define HAVE_SYS_STAT_H 1
| #define HAVE_STDLIB_H 1
| #define HAVE_STRING_H 1
| #define HAVE_MEMORY_H 1
| #define HAVE_STRINGS_H 1
| #define HAVE_INTTYPES_H 1
| #define HAVE_STDINT_H 1
| #define HAVE_UNISTD_H 1
| #define __EXTENSIONS__ 1
| #define _ALL_SOURCE 1
| #define _GNU_SOURCE 1
| #define _POSIX_PTHREAD_SEMANTICS 1
| #define _TANDEM_SOURCE 1
| #define HAVE_DLFCN_H 1
| #define LT_OBJDIR ".libs/"
| #define HAVE_SYS_TYPES_H 1
| #define HAVE_UNISTD_H 1
| #define HAVE_FCNTL_H 1
| #define HAVE_STRINGS_H 1
| #define HAVE_PTHREAD_H 1
| #define HAVE_TIME_H 1
| #define HAVE_ERRNO_H 1
| #define HAVE_STDARG_H 1
| #define HAVE_LIMITS_H 1
| #define HAVE_SIGNAL_H 1
| #define HAVE_STDLIB_H 1
| #define HAVE_INTTYPES_H 1
| #define HAVE_MATH_H 1
| #define HAVE_LIBM 1
| /* end confdefs.h.  */
| #include <mpi.h>
| int
| main ()
| {
|  MPI_Init(0, (void *)0);
|   ;
|   return 0;
| }
configure:11928: result: no
configure:11934: checking for MPI (lam-mpi test)
configure:11955: gcc -o conftest -I/usr/include/openmpi-x86_64   -L/usr/lib64/openmpi/lib -lmpi  conftest.c -lm  -lmpi -llam -lpthread >&5
conftest.c:42:17: fatal error: mpi.h: No such file or directory
compilation terminated.
configure:11955: $? = 1
configure: failed program was:
| /* confdefs.h */
| #define PACKAGE_NAME "INF8601-LAB3"
| #define PACKAGE_TARNAME "inf8601-lab3"
| #define PACKAGE_VERSION "2.1.5"
| #define PACKAGE_STRING "INF8601-LAB3 2.1.5"
| #define PACKAGE_BUGREPORT ""
| #define PACKAGE_URL ""
| #define PACKAGE "inf8601-lab3"
| #define VERSION "2.1.5"
| #define STDC_HEADERS 1
| #define HAVE_SYS_TYPES_H 1
| #define HAVE_SYS_STAT_H 1
| #define HAVE_STDLIB_H 1
| #define HAVE_STRING_H 1
| #define HAVE_MEMORY_H 1
| #define HAVE_STRINGS_H 1
| #define HAVE_INTTYPES_H 1
| #define HAVE_STDINT_H 1
| #define HAVE_UNISTD_H 1
| #define __EXTENSIONS__ 1
| #define _ALL_SOURCE 1
| #define _GNU_SOURCE 1
| #define _POSIX_PTHREAD_SEMANTICS 1
| #define _TANDEM_SOURCE 1
| #define HAVE_DLFCN_H 1
| #define LT_OBJDIR ".libs/"
| #define HAVE_SYS_TYPES_H 1
| #define HAVE_UNISTD_H 1
| #define HAVE_FCNTL_H 1
| #define HAVE_STRINGS_H 1
| #define HAVE_PTHREAD_H 1
| #define HAVE_TIME_H 1
| #define HAVE_ERRNO_H 1
| #define HAVE_STDARG_H 1
| #define HAVE_LIMITS_H 1
| #define HAVE_SIGNAL_H 1
| #define HAVE_STDLIB_H 1
| #define HAVE_INTTYPES_H 1
| #define HAVE_MATH_H 1
| #define HAVE_LIBM 1
| /* end confdefs.h.  */
| #include <mpi.h>
| int
| main ()
| {
|  MPI_Init(0, (void *)0);
|   ;
|   return 0;
| }
configure:11985: gcc -o conftest -I/usr/include/openmpi-x86_64   -L/usr/lib64/openmpi/lib -lmpi  conftest.c -lm  -lmpi -llam -lutil -ldl -lpthread >&5
conftest.c:42:17: fatal error: mpi.h: No such file or directory
compilation terminated.
configure:11985: $? = 1
configure: failed program was:
| /* confdefs.h */
| #define PACKAGE_NAME "INF8601-LAB3"
| #define PACKAGE_TARNAME "inf8601-lab3"
| #define PACKAGE_VERSION "2.1.5"
| #define PACKAGE_STRING "INF8601-LAB3 2.1.5"
| #define PACKAGE_BUGREPORT ""
| #define PACKAGE_URL ""
| #define PACKAGE "inf8601-lab3"
| #define VERSION "2.1.5"
| #define STDC_HEADERS 1
| #define HAVE_SYS_TYPES_H 1
| #define HAVE_SYS_STAT_H 1
| #define HAVE_STDLIB_H 1
| #define HAVE_STRING_H 1
| #define HAVE_MEMORY_H 1
| #define HAVE_STRINGS_H 1
| #define HAVE_INTTYPES_H 1
| #define HAVE_STDINT_H 1
| #define HAVE_UNISTD_H 1
| #define __EXTENSIONS__ 1
| #define _ALL_SOURCE 1
| #define _GNU_SOURCE 1
| #define _POSIX_PTHREAD_SEMANTICS 1
| #define _TANDEM_SOURCE 1
| #define HAVE_DLFCN_H 1
| #define LT_OBJDIR ".libs/"
| #define HAVE_SYS_TYPES_H 1
| #define HAVE_UNISTD_H 1
| #define HAVE_FCNTL_H 1
| #define HAVE_STRINGS_H 1
| #define HAVE_PTHREAD_H 1
| #define HAVE_TIME_H 1
| #define HAVE_ERRNO_H 1
| #define HAVE_STDARG_H 1
| #define HAVE_LIMITS_H 1
| #define HAVE_SIGNAL_H 1
| #define HAVE_STDLIB_H 1
| #define HAVE_INTTYPES_H 1
| #define HAVE_MATH_H 1
| #define HAVE_LIBM 1
| /* end confdefs.h.  */
| #include <mpi.h>
| int
| main ()
| {
|  MPI_Init(0, (void *)0);
|   ;
|   return 0;
| }
configure:11996: result: no
configure:12007: WARNING: no MPI support
configure:12139: checking whether to enable debug mode
configure:12157: result: no
configure:12175: checking whether make supports nested variables
configure:12192: result: yes
configure:12317: checking for C compiler version
configure:12326: gcc --version >&5
gcc (Ubuntu 5.4.0-6ubuntu1~16.04.10) 5.4.0 20160609
Copyright (C) 2015 Free Software Foundation, Inc.
This is free software; see the source for copying conditions.  There is NO
warranty; not even for MERCHANTABILITY or FITNESS FOR A PARTICULAR PURPOSE.

configure:12337: $? = 0
configure:12326: gcc -v >&5
Using built-in specs.
COLLECT_GCC=gcc
COLLECT_LTO_WRAPPER=/usr/lib/gcc/x86_64-linux-gnu/5/lto-wrapper
Target: x86_64-linux-gnu
Configured with: ../src/configure -v --with-pkgversion='Ubuntu 5.4.0-6ubuntu1~16.04.10' --with-bugurl=file:///usr/share/doc/gcc-5/README.Bugs --enable-languages=c,ada,c++,java,go,d,fortran,objc,obj-c++ --prefix=/usr --program-suffix=-5 --enable-shared --enable-linker-build-id --libexecdir=/usr/lib --without-included-gettext --enable-threads=posix --libdir=/usr/lib --enable-nls --with-sysroot=/ --enable-clocale=gnu --enable-libstdcxx-debug --enable-libstdcxx-time=yes --with-default-libstdcxx-abi=new --enable-gnu-unique-object --disable-vtable-verify --enable-libmpx --enable-plugin --with-system-zlib --disable-browser-plugin --enable-java-awt=gtk --enable-gtk-cairo --with-java-home=/usr/lib/jvm/java-1.5.0-gcj-5-amd64/jre --enable-java-home --with-jvm-root-dir=/usr/lib/jvm/java-1.5.0-gcj-5-amd64 --with-jvm-jar-dir=/usr/lib/jvm-exports/java-1.5.0-gcj-5-amd64 --with-arch-directory=amd64 --with-ecj-jar=/usr/share/java/eclipse-ecj.jar --enable-objc-gc --enable-multiarch --disable-werror --with-arch-32=i686 --with-abi=m64 --with-multilib-list=m32,m64,mx32 --enable-multilib --with-tune=generic --enable-checking=release --build=x86_64-linux-gnu --host=x86_64-linux-gnu --target=x86_64-linux-gnu
Thread model: posix
gcc version 5.4.0 20160609 (Ubuntu 5.4.0-6ubuntu1~16.04.10) 
configure:12337: $? = 0
configure:12326: gcc -V >&5
gcc: error: unrecognized command line option '-V'
gcc: fatal error: no input files
compilation terminated.
configure:12337: $? = 1
configure:12326: gcc -qversion >&5
gcc: error: unrecognized command line option '-qversion'
gcc: fatal error: no input files
compilation terminated.
configure:12337: $? = 1
configure:12341: checking whether we are using the GNU C compiler
configure:12369: result: yes
configure:12378: checking whether gcc accepts -g
configure:12439: result: yes
configure:12456: checking for gcc option to accept ISO C89
configure:12532: result: none needed
configure:12554: checking dependency style of gcc
configure:12665: result: gcc3
configure:12682: checking whether gcc and cc understand -c and -o together
configure:12713: gcc -c conftest.c -o conftest2.o >&5
configure:12717: $? = 0
configure:12723: gcc -c conftest.c -o conftest2.o >&5
configure:12727: $? = 0
configure:12738: cc -c conftest.c >&5
configure:12742: $? = 0
configure:12750: cc -c conftest.c -o conftest2.o >&5
configure:12754: $? = 0
configure:12760: cc -c conftest.c -o conftest2.o >&5
configure:12764: $? = 0
configure:12782: result: yes
configure:12850: checking for ranlib
configure:12877: result: ranlib
configure:13040: creating ./config.status

## ---------------- ##
## Cache variables. ##
## ---------------- ##

ac_cv_build=x86_64-unknown-linux-gnu
ac_cv_c_compiler_gnu=yes
ac_cv_env_CC_set=
ac_cv_env_CC_value=
ac_cv_env_CFLAGS_set=set
ac_cv_env_CFLAGS_value=-I/usr/include/openmpi-x86_64
ac_cv_env_CPPFLAGS_set=
ac_cv_env_CPPFLAGS_value=
ac_cv_env_CPP_set=
ac_cv_env_CPP_value=
ac_cv_env_LDFLAGS_set=set
ac_cv_env_LDFLAGS_value='-L/usr/lib64/openmpi/lib -lmpi'
ac_cv_env_LIBS_set=
ac_cv_env_LIBS_value=
ac_cv_env_PKG_CONFIG_LIBDIR_set=
ac_cv_env_PKG_CONFIG_LIBDIR_value=
ac_cv_env_PKG_CONFIG_PATH_set=
ac_cv_env_PKG_CONFIG_PATH_value=
ac_cv_env_PKG_CONFIG_set=
ac_cv_env_PKG_CONFIG_value=
ac_cv_env_PNG_CFLAGS_set=
ac_cv_env_PNG_CFLAGS_value=
ac_cv_env_PNG_LIBS_set=
ac_cv_env_PNG_LIBS_value=
ac_cv_env_build_alias_set=
ac_cv_env_build_alias_value=
ac_cv_env_host_alias_set=
ac_cv_env_host_alias_value=
ac_cv_env_target_alias_set=
ac_cv_env_target_alias_value=
ac_cv_header_dlfcn_h=yes
ac_cv_header_errno_h=yes
ac_cv_header_fcntl_h=yes
ac_cv_header_inttypes_h=yes
ac_cv_header_limits_h=yes
ac_cv_header_math_h=yes
ac_cv_header_memory_h=yes
ac_cv_header_minix_config_h=no
ac_cv_header_pthread_h=yes
ac_cv_header_signal_h=yes
ac_cv_header_stdarg_h=yes
ac_cv_header_stdc=yes
ac_cv_header_stdint_h=yes
ac_cv_header_stdlib_h=yes
ac_cv_header_string_h=yes
ac_cv_header_strings_h=yes
ac_cv_header_sys_stat_h=yes
ac_cv_header_sys_types_h=yes
ac_cv_header_time_h=yes
ac_cv_header_unistd_h=yes
ac_cv_host=x86_64-unknown-linux-gnu
ac_cv_lib_m_pow=yes
ac_cv_objext=o
ac_cv_path_EGREP='/bin/grep -E'
ac_cv_path_FGREP='/bin/grep -F'
ac_cv_path_GREP=/bin/grep
ac_cv_path_SED=/bin/sed
ac_cv_path_ac_pt_PKG_CONFIG=/usr/bin/pkg-config
ac_cv_path_install='/usr/bin/install -c'
ac_cv_path_mkdir=/bin/mkdir
ac_cv_prog_AWK=gawk
ac_cv_prog_CPP='gcc -E'
ac_cv_prog_ac_ct_AR=ar
ac_cv_prog_ac_ct_CC=gcc
ac_cv_prog_ac_ct_MANIFEST_TOOL=mt
ac_cv_prog_ac_ct_OBJDUMP=objdump
ac_cv_prog_ac_ct_RANLIB=ranlib
ac_cv_prog_ac_ct_STRIP=strip
ac_cv_prog_c_openmp=-fopenmp
ac_cv_prog_cc_c89=
ac_cv_prog_cc_g=yes
ac_cv_prog_cc_gcc_c_o=yes
ac_cv_prog_make_make_set=yes
ac_cv_safe_to_define___extensions__=yes
am_cv_CC_dependencies_compiler_type=gcc3
am_cv_make_support_nested_variables=yes
lt_cv_ar_at_file=@
lt_cv_archive_cmds_need_lc=no
lt_cv_deplibs_check_method=pass_all
lt_cv_file_magic_cmd='$MAGIC_CMD'
lt_cv_file_magic_test_file=
lt_cv_ld_reload_flag=-r
lt_cv_nm_interface='BSD nm'
lt_cv_objdir=.libs
lt_cv_path_LD=/usr/bin/ld
lt_cv_path_NM='/usr/bin/nm -B'
lt_cv_path_mainfest_tool=no
lt_cv_prog_compiler_c_o=yes
lt_cv_prog_compiler_pic='-fPIC -DPIC'
lt_cv_prog_compiler_pic_works=yes
lt_cv_prog_compiler_rtti_exceptions=no
lt_cv_prog_compiler_static_works=no
lt_cv_prog_gnu_ld=yes
lt_cv_sharedlib_from_linklib_cmd='printf %s\n'
lt_cv_shlibpath_overrides_runpath=no
lt_cv_sys_global_symbol_pipe='sed -n -e '\''s/^.*[	 ]\([ABCDGIRSTW][ABCDGIRSTW]*\)[	 ][	 ]*\([_A-Za-z][_A-Za-z0-9]*\)$/\1 \2 \2/p'\'' | sed '\''/ __gnu_lto/d'\'''
lt_cv_sys_global_symbol_to_c_name_address='sed -n -e '\''s/^: \([^ ]*\)[ ]*$/  {\"\1\", (void *) 0},/p'\'' -e '\''s/^[ABCDGIRSTW]* \([^ ]*\) \([^ ]*\)$/  {"\2", (void *) \&\2},/p'\'''
lt_cv_sys_global_symbol_to_c_name_address_lib_prefix='sed -n -e '\''s/^: \([^ ]*\)[ ]*$/  {\"\1\", (void *) 0},/p'\'' -e '\''s/^[ABCDGIRSTW]* \([^ ]*\) \(lib[^ ]*\)$/  {"\2", (void *) \&\2},/p'\'' -e '\''s/^[ABCDGIRSTW]* \([^ ]*\) \([^ ]*\)$/  {"lib\2", (void *) \&\2},/p'\'''
lt_cv_sys_global_symbol_to_cdecl='sed -n -e '\''s/^T .* \(.*\)$/extern int \1();/p'\'' -e '\''s/^[ABCDGIRSTW]* .* \(.*\)$/extern char \1;/p'\'''
lt_cv_sys_max_cmd_len=1572864
lt_cv_to_host_file_cmd=func_convert_file_noop
lt_cv_to_tool_file_cmd=func_convert_file_noop
pkg_cv_PNG_CFLAGS=-I/usr/include/libpng12
pkg_cv_PNG_LIBS=-lpng12

## ----------------- ##
## Output variables. ##
## ----------------- ##

ACLOCAL='${SHELL} /home/leandre/Poly/INF8601/tp3/inf8601-lab3-2.1.5/missing --run aclocal-1.11'
AMDEPBACKSLASH='\'
AMDEP_FALSE='#'
AMDEP_TRUE=''
AMTAR='$${TAR-tar}'
AM_BACKSLASH='\'
AM_DEFAULT_V='$(AM_DEFAULT_VERBOSITY)'
AM_DEFAULT_VERBOSITY='0'
AM_V='$(V)'
AR='ar'
AUTOCONF='${SHELL} /home/leandre/Poly/INF8601/tp3/inf8601-lab3-2.1.5/missing --run autoconf'
AUTOHEADER='${SHELL} /home/leandre/Poly/INF8601/tp3/inf8601-lab3-2.1.5/missing --run autoheader'
AUTOMAKE='${SHELL} /home/leandre/Poly/INF8601/tp3/inf8601-lab3-2.1.5/missing --run automake-1.11'
AWK='gawk'
CC='gcc'
CCDEPMODE='depmode=gcc3'
CFLAGS='-I/usr/include/openmpi-x86_64 -Wall -O3 -fomit-frame-pointer'
CPP='gcc -E'
CPPFLAGS=''
CYGPATH_W='echo'
DEFS='-DHAVE_CONFIG_H'
DEPDIR='.deps'
DLLTOOL='false'
DSYMUTIL=''
DUMPBIN=''
ECHO_C=''
ECHO_N='-n'
ECHO_T=''
EGREP='/bin/grep -E'
EXEEXT=''
FGREP='/bin/grep -F'
GREP='/bin/grep'
HAVE_MPI_FALSE=''
HAVE_MPI_TRUE='#'
INSTALL_DATA='${INSTALL} -m 644'
INSTALL_PROGRAM='${INSTALL}'
INSTALL_SCRIPT='${INSTALL}'
INSTALL_STRIP_PROGRAM='$(install_sh) -c -s'
LD='/usr/bin/ld -m elf_x86_64'
LDFLAGS='-L/usr/lib64/openmpi/lib -lmpi'
LIBOBJS=''
LIBS='-lm '
LIBTOOL='$(SHELL) $(top_builddir)/libtool'
LIPO=''
LN_S='ln -s'
LTLIBOBJS=''
MAKEINFO='${SHELL} /home/leandre/Poly/INF8601/tp3/inf8601-lab3-2.1.5/missing --run makeinfo'
MANIFEST_TOOL=':'
MKDIR_P='/bin/mkdir -p'
MPI_CPPFLAGS=''
MPI_LDFLAGS=''
MPI_LIBS=''
NM='/usr/bin/nm -B'
NMEDIT=''
OBJDUMP='objdump'
OBJEXT='o'
OPENMP_CFLAGS='-fopenmp'
OTOOL64=''
OTOOL=''
PACKAGE='inf8601-lab3'
PACKAGE_BUGREPORT=''
PACKAGE_NAME='INF8601-LAB3'
PACKAGE_STRING='INF8601-LAB3 2.1.5'
PACKAGE_TARNAME='inf8601-lab3'
PACKAGE_URL=''
PACKAGE_VERSION='2.1.5'
PATH_SEPARATOR=':'
PKG_CONFIG='/usr/bin/pkg-config'
PKG_CONFIG_LIBDIR=''
PKG_CONFIG_PATH=''
PNG_CFLAGS='-I/usr/include/libpng12'
PNG_LIBS='-lpng12'
RANLIB='ranlib'
SED='/bin/sed'
SET_MAKE=''
SHELL='/bin/bash'
STRIP='strip'
VERSION='2.1.5'
ac_ct_AR='ar'
ac_ct_CC='gcc'
ac_ct_DUMPBIN=''
am__EXEEXT_FALSE=''
am__EXEEXT_TRUE='#'
am__fastdepCC_FALSE='#'
am__fastdepCC_TRUE=''
am__include='include'
am__isrc=''
am__leading_dot='.'
am__nodep='_no'
am__quote=''
am__tar='$${TAR-tar} chof - "$$tardir"'
am__untar='$${TAR-tar} xf -'
bindir='${exec_prefix}/bin'
build='x86_64-unknown-linux-gnu'
build_alias=''
build_cpu='x86_64'
build_os='linux-gnu'
build_vendor='unknown'
datadir='${datarootdir}'
datarootdir='${prefix}/share'
docdir='${datarootdir}/doc/${PACKAGE_TARNAME}'
dvidir='${docdir}'
exec_prefix='${prefix}'
host='x86_64-unknown-linux-gnu'
host_alias=''
host_cpu='x86_64'
host_os='linux-gnu'
host_vendor='unknown'
htmldir='${docdir}'
includedir='${prefix}/include'
infodir='${datarootdir}/info'
install_sh='${SHELL} /home/leandre/Poly/INF8601/tp3/inf8601-lab3-2.1.5/install-sh'
libdir='${exec_prefix}/lib'
libexecdir='${exec_prefix}/libexec'
localedir='${datarootdir}/locale'
localstatedir='${prefix}/var'
mandir='${datarootdir}/man'
mkdir_p='/bin/mkdir -p'
mpi_bindir=''
mpi_libdir=''
mpi_type=''
oldincludedir='/usr/include'
pdfdir='${docdir}'
prefix='/usr/local'
program_transform_name='s,x,x,'
psdir='${docdir}'
runstatedir='${localstatedir}/run'
sbindir='${exec_prefix}/sbin'
sharedstatedir='${prefix}/com'
sysconfdir='${prefix}/etc'
target_alias=''

## ----------- ##
## confdefs.h. ##
## ----------- ##

/* confdefs.h */
#define PACKAGE_NAME "INF8601-LAB3"
#define PACKAGE_TARNAME "inf8601-lab3"
#define PACKAGE_VERSION "2.1.5"
#define PACKAGE_STRING "INF8601-LAB3 2.1.5"
#define PACKAGE_BUGREPORT ""
#define PACKAGE_URL ""
#define PACKAGE "inf8601-lab3"
#define VERSION "2.1.5"
#define STDC_HEADERS 1
#define HAVE_SYS_TYPES_H 1
#define HAVE_SYS_STAT_H 1
#define HAVE_STDLIB_H 1
#define HAVE_STRING_H 1
#define HAVE_MEMORY_H 1
#define HAVE_STRINGS_H 1
#define HAVE_INTTYPES_H 1
#define HAVE_STDINT_H 1
#define HAVE_UNISTD_H 1
#define __EXTENSIONS__ 1
#define _ALL_SOURCE 1
#define _GNU_SOURCE 1
#define _POSIX_PTHREAD_SEMANTICS 1
#define _TANDEM_SOURCE 1
#define HAVE_DLFCN_H 1
#define LT_OBJDIR ".libs/"
#define HAVE_SYS_TYPES_H 1
#define HAVE_UNISTD_H 1
#define HAVE_FCNTL_H 1
#define HAVE_STRINGS_H 1
#define HAVE_PTHREAD_H 1
#define HAVE_TIME_H 1
#define HAVE_ERRNO_H 1
#define HAVE_STDARG_H 1
#define HAVE_LIMITS_H 1
#define HAVE_SIGNAL_H 1
#define HAVE_STDLIB_H 1
#define HAVE_INTTYPES_H 1
#define HAVE_MATH_H 1
#define HAVE_LIBM 1

configure: exit 0

## ---------------------- ##
## Running config.status. ##
## ---------------------- ##

This file was extended by INF8601-LAB3 config.status 2.1.5, which was
generated by GNU Autoconf 2.69.  Invocation command line was

  CONFIG_FILES    = 
  CONFIG_HEADERS  = 
  CONFIG_LINKS    = 
  CONFIG_COMMANDS = 
  $ ./config.status 

on PCLeandre

config.status:1117: creating Makefile
config.status:1117: creating examples/Makefile
config.status:1117: creating tests/Makefile
config.status:1117: creating src/Makefile
config.status:1117: creating config.h
config.status:1298: config.h is unchanged
config.status:1346: executing depfiles commands
config.status:1346: executing libtool commands
