thread=1,func=fast,ht=0
# started on Mon Oct 29 18:32:25 2018
252591602,,cycles:u,71281140,100.00,,
612983344,,instructions:u,71281140,100.00,2.43,insn per cycle
190779495,,L1-dcache-loads:u,71281140,100.00,,
41333,,L1-dcache-load-misses:u,71281140,100.00,0.02,of all L1-dcache hits
thread=1,func=slow_a,ht=0
# started on Mon Oct 29 18:32:25 2018
2252054596,,cycles:u,603548139,100.00,,
6653024654,,instructions:u,603548139,100.00,2.95,insn per cycle
2695790446,,L1-dcache-loads:u,603548139,100.00,,
7879668,,L1-dcache-load-misses:u,603548139,100.00,0.29,of all L1-dcache hits
thread=1,func=slow_b,ht=0
# started on Mon Oct 29 18:32:25 2018
3079995305,,cycles:u,826168636,100.00,,
4613048879,,instructions:u,826168636,100.00,1.50,insn per cycle
1190359393,,L1-dcache-loads:u,826168636,100.00,,
7884853,,L1-dcache-load-misses:u,826168636,100.00,0.66,of all L1-dcache hits
thread=1,func=slow_c,ht=0
# started on Mon Oct 29 18:32:26 2018
12747117554,,cycles:u,3275918513,100.00,,
5113027928,,instructions:u,3275918513,100.00,0.40,insn per cycle
1690792778,,L1-dcache-loads:u,3275918513,100.00,,
7902979,,L1-dcache-load-misses:u,3275918513,100.00,0.47,of all L1-dcache hits
thread=1,func=slow_d,ht=0
# started on Mon Oct 29 18:32:30 2018
25296030001,,cycles:u,6422202764,100.00,,
11613033983,,instructions:u,6422202764,100.00,0.46,insn per cycle
4690793172,,L1-dcache-loads:u,6422202764,100.00,,
7919087,,L1-dcache-load-misses:u,6422202764,100.00,0.17,of all L1-dcache hits
thread=1,func=slow_e,ht=0
# started on Mon Oct 29 18:32:36 2018
4971409285,,cycles:u,1830680081,100.00,,
5113066662,,instructions:u,1830680081,100.00,1.03,insn per cycle
690536164,,L1-dcache-loads:u,1830680081,100.00,,
502613292,,L1-dcache-load-misses:u,1830680081,100.00,72.79,of all L1-dcache hits
thread=1,func=slow_f,ht=0
# started on Mon Oct 29 18:32:38 2018
719816145,,cycles:u,195548184,100.00,,
2206801726,,instructions:u,195548184,100.00,3.07,insn per cycle
222046047,,L1-dcache-loads:u,195548184,100.00,,
7873323,,L1-dcache-load-misses:u,195548184,100.00,3.55,of all L1-dcache hits
thread=2,func=fast,ht=0
# started on Mon Oct 29 18:32:38 2018
526149505,,cycles:u,141594792,100.00,,
632989616,,instructions:u,141594792,100.00,1.20,insn per cycle
190781261,,L1-dcache-loads:u,141594792,100.00,,
41841,,L1-dcache-load-misses:u,141594792,100.00,0.02,of all L1-dcache hits
thread=2,func=slow_a,ht=0
# started on Mon Oct 29 18:32:38 2018
2533846734,,cycles:u,675490547,100.00,,
6673028702,,instructions:u,675490547,100.00,2.63,insn per cycle
2695793211,,L1-dcache-loads:u,675490547,100.00,,
7878274,,L1-dcache-load-misses:u,675490547,100.00,0.29,of all L1-dcache hits
thread=2,func=slow_b,ht=0
# started on Mon Oct 29 18:32:39 2018
23260150595,,cycles:u,6147504672,100.00,,
4633071661,,instructions:u,6147504672,100.00,0.20,insn per cycle
1190746774,,L1-dcache-loads:u,6147504672,100.00,,
255691055,,L1-dcache-load-misses:u,6147504672,100.00,21.47,of all L1-dcache hits
thread=2,func=slow_c,ht=0
# started on Mon Oct 29 18:32:42 2018
101953077935,,cycles:u,27328288426,100.00,,
5133055678,,instructions:u,27328288426,100.00,0.05,insn per cycle
1689503360,,L1-dcache-loads:u,27328288426,100.00,,
626906600,,L1-dcache-load-misses:u,27328288426,100.00,37.11,of all L1-dcache hits
thread=2,func=slow_d,ht=0
# started on Mon Oct 29 18:32:56 2018
97710463438,,cycles:u,66994073549,100.00,,
14827460264,,instructions:u,66994073549,100.00,0.15,insn per cycle
5145030506,,L1-dcache-loads:u,66994073549,100.00,,
715922347,,L1-dcache-load-misses:u,66994073549,100.00,13.91,of all L1-dcache hits
thread=2,func=slow_e,ht=0
# started on Mon Oct 29 18:33:30 2018
9349488773,,cycles:u,3205057832,100.00,,
5133072562,,instructions:u,3205057832,100.00,0.55,insn per cycle
689131503,,L1-dcache-loads:u,3205057832,100.00,,
699593543,,L1-dcache-load-misses:u,3205057832,100.00,101.52,of all L1-dcache hits
thread=2,func=slow_f,ht=0
# started on Mon Oct 29 18:33:32 2018
1006594613,,cycles:u,274499643,100.00,,
2226827832,,instructions:u,274499643,100.00,2.21,insn per cycle
222052415,,L1-dcache-loads:u,274499643,100.00,,
7888324,,L1-dcache-load-misses:u,274499643,100.00,3.55,of all L1-dcache hits
thread=2,func=fast,ht=1
# started on Mon Oct 29 18:33:32 2018
525943421,,cycles:u,143960319,100.00,,
632991473,,instructions:u,143960319,100.00,1.20,insn per cycle
190781644,,L1-dcache-loads:u,143960319,100.00,,
42550,,L1-dcache-load-misses:u,143960319,100.00,0.02,of all L1-dcache hits
thread=2,func=slow_a,ht=1
# started on Mon Oct 29 18:33:32 2018
4461236445,,cycles:u,1168441315,100.00,,
6673029357,,instructions:u,1168441315,100.00,1.50,insn per cycle
2695793312,,L1-dcache-loads:u,1168441315,100.00,,
7884217,,L1-dcache-load-misses:u,1168441315,100.00,0.29,of all L1-dcache hits
thread=2,func=slow_b,ht=1
# started on Mon Oct 29 18:33:33 2018
11792699413,,cycles:u,3074369806,100.00,,
4633071888,,instructions:u,3074369806,100.00,0.39,insn per cycle
1190741757,,L1-dcache-loads:u,3074369806,100.00,,
15226803,,L1-dcache-load-misses:u,3074369806,100.00,1.28,of all L1-dcache hits
thread=2,func=slow_c,ht=1
# started on Mon Oct 29 18:33:35 2018
26868892274,,cycles:u,6979053889,100.00,,
5133035819,,instructions:u,6979053889,100.00,0.19,insn per cycle
1690797155,,L1-dcache-loads:u,6979053889,100.00,,
7924485,,L1-dcache-load-misses:u,6979053889,100.00,0.47,of all L1-dcache hits
thread=2,func=slow_d,ht=1
# started on Mon Oct 29 18:33:38 2018
51981704152,,cycles:u,75914882413,100.00,,
15953257917,,instructions:u,75914882413,100.00,0.31,insn per cycle
5283671012,,L1-dcache-loads:u,75914882413,100.00,,
8162492,,L1-dcache-load-misses:u,75914882413,100.00,0.15,of all L1-dcache hits
thread=2,func=slow_e,ht=1
# started on Mon Oct 29 18:34:16 2018
7221818966,,cycles:u,2631355596,100.00,,
5133071995,,instructions:u,2631355596,100.00,0.71,insn per cycle
690724923,,L1-dcache-loads:u,2631355596,100.00,,
391765594,,L1-dcache-load-misses:u,2631355596,100.00,56.72,of all L1-dcache hits
thread=2,func=slow_f,ht=1
# started on Mon Oct 29 18:34:18 2018
1268675397,,cycles:u,343437379,100.00,,
2226827802,,instructions:u,343437379,100.00,1.76,insn per cycle
222052404,,L1-dcache-loads:u,343437379,100.00,,
7890445,,L1-dcache-load-misses:u,343437379,100.00,3.55,of all L1-dcache hits
