thread=1,func=fast,ht=0
# started on Mon Nov  5 13:20:00 2018
813720830,,cycles:u,244596507,100.00,,
2206761553,,instructions:u,244596507,100.00,2.71,insn per cycle
222050653,,L1-dcache-loads:u,244596507,100.00,,
7871044,,L1-dcache-load-misses:u,244596507,100.00,3.54,of all L1-dcache hits
thread=1,func=slow_a,ht=0
# started on Mon Nov  5 13:20:00 2018
2537603047,,cycles:u,733218506,100.00,,
6653009863,,instructions:u,733218506,100.00,2.62,insn per cycle
2695813562,,L1-dcache-loads:u,733218506,100.00,,
7873981,,L1-dcache-load-misses:u,733218506,100.00,0.29,of all L1-dcache hits
thread=1,func=slow_b,ht=0
# started on Mon Nov  5 13:20:01 2018
3290424756,,cycles:u,996364637,100.00,,
4613034141,,instructions:u,996364637,100.00,1.40,insn per cycle
1190859441,,L1-dcache-loads:u,996364637,100.00,,
7879257,,L1-dcache-load-misses:u,996364637,100.00,0.66,of all L1-dcache hits
thread=1,func=slow_c,ht=0
# started on Mon Nov  5 13:20:02 2018
9939013008,,cycles:u,3090399091,100.00,,
5113012990,,instructions:u,3090399091,100.00,0.51,insn per cycle
1691040516,,L1-dcache-loads:u,3090399091,100.00,,
7908056,,L1-dcache-load-misses:u,3090399091,100.00,0.47,of all L1-dcache hits
thread=1,func=slow_d,ht=0
# started on Mon Nov  5 13:20:05 2018
26330481106,,cycles:u,7487116562,100.00,,
11613020233,,instructions:u,7487116562,100.00,0.44,insn per cycle
4690994722,,L1-dcache-loads:u,7487116562,100.00,,
7923006,,L1-dcache-load-misses:u,7487116562,100.00,0.17,of all L1-dcache hits
thread=1,func=slow_e,ht=0
# started on Mon Nov  5 13:20:12 2018
8454331265,,cycles:u,2686161811,100.00,,
5113052689,,instructions:u,2686161811,100.00,0.60,insn per cycle
690842702,,L1-dcache-loads:u,2686161811,100.00,,
502798463,,L1-dcache-load-misses:u,2686161811,100.00,72.78,of all L1-dcache hits
thread=1,func=slow_f,ht=0
# started on Mon Nov  5 13:20:15 2018
812422328,,cycles:u,239754604,100.00,,
2206786874,,instructions:u,239754604,100.00,2.72,insn per cycle
222057805,,L1-dcache-loads:u,239754604,100.00,,
7871933,,L1-dcache-load-misses:u,239754604,100.00,3.54,of all L1-dcache hits
thread=2,func=fast,ht=0
# started on Mon Nov  5 13:20:15 2018
1082685250,,cycles:u,324661986,100.00,,
2226767821,,instructions:u,324661986,100.00,2.06,insn per cycle
222056404,,L1-dcache-loads:u,324661986,100.00,,
7881419,,L1-dcache-load-misses:u,324661986,100.00,3.55,of all L1-dcache hits
thread=2,func=slow_a,ht=0
# started on Mon Nov  5 13:20:16 2018
2806111274,,cycles:u,823540945,100.00,,
6673017916,,instructions:u,823540945,100.00,2.38,insn per cycle
2695818214,,L1-dcache-loads:u,823540945,100.00,,
7884139,,L1-dcache-load-misses:u,823540945,100.00,0.29,of all L1-dcache hits
thread=2,func=slow_b,ht=0
# started on Mon Nov  5 13:20:16 2018
14103729883,,cycles:u,4219092434,100.00,,
4633056921,,instructions:u,4219092434,100.00,0.33,insn per cycle
1190946841,,L1-dcache-loads:u,4219092434,100.00,,
131703834,,L1-dcache-load-misses:u,4219092434,100.00,11.06,of all L1-dcache hits
thread=2,func=slow_c,ht=0
# started on Mon Nov  5 13:20:19 2018
93139762471,,cycles:u,29254868944,100.00,,
5133047869,,instructions:u,29254868944,100.00,0.06,insn per cycle
1691404440,,L1-dcache-loads:u,29254868944,100.00,,
596828575,,L1-dcache-load-misses:u,29254868944,100.00,35.29,of all L1-dcache hits
thread=2,func=slow_d,ht=0
# started on Mon Nov  5 13:20:34 2018
86928550632,,cycles:u,64687492835,100.00,,
14631442362,,instructions:u,64687492835,100.00,0.17,insn per cycle
5145428970,,L1-dcache-loads:u,64687492835,100.00,,
620657879,,L1-dcache-load-misses:u,64687492835,100.00,12.06,of all L1-dcache hits
thread=2,func=slow_e,ht=0
# started on Mon Nov  5 13:21:06 2018
15061580561,,cycles:u,4821702009,100.00,,
5133059311,,instructions:u,4821702009,100.00,0.34,insn per cycle
690871192,,L1-dcache-loads:u,4821702009,100.00,,
628122087,,L1-dcache-load-misses:u,4821702009,100.00,90.92,of all L1-dcache hits
thread=2,func=slow_f,ht=0
# started on Mon Nov  5 13:21:09 2018
1077668905,,cycles:u,320361495,100.00,,
2226812913,,instructions:u,320361495,100.00,2.07,insn per cycle
222065563,,L1-dcache-loads:u,320361495,100.00,,
7884838,,L1-dcache-load-misses:u,320361495,100.00,3.55,of all L1-dcache hits
thread=2,func=fast,ht=1
# started on Mon Nov  5 13:21:09 2018
1081107398,,cycles:u,310651517,100.00,,
2226769789,,instructions:u,310651517,100.00,2.06,insn per cycle
222054026,,L1-dcache-loads:u,310651517,100.00,,
7876476,,L1-dcache-load-misses:u,310651517,100.00,3.55,of all L1-dcache hits
thread=2,func=slow_a,ht=1
# started on Mon Nov  5 13:21:10 2018
2804100128,,cycles:u,804968866,100.00,,
6673016041,,instructions:u,804968866,100.00,2.38,insn per cycle
2695817879,,L1-dcache-loads:u,804968866,100.00,,
7878735,,L1-dcache-load-misses:u,804968866,100.00,0.29,of all L1-dcache hits
thread=2,func=slow_b,ht=1
# started on Mon Nov  5 13:21:10 2018
3549277085,,cycles:u,1020891826,100.00,,
4633055001,,instructions:u,1020891826,100.00,1.31,insn per cycle
1190836664,,L1-dcache-loads:u,1020891826,100.00,,
15697844,,L1-dcache-load-misses:u,1020891826,100.00,1.32,of all L1-dcache hits
thread=2,func=slow_c,ht=1
# started on Mon Nov  5 13:21:11 2018
10161848283,,cycles:u,2896985001,100.00,,
5133018933,,instructions:u,2896985001,100.00,0.51,insn per cycle
1690875901,,L1-dcache-loads:u,2896985001,100.00,,
7893752,,L1-dcache-load-misses:u,2896985001,100.00,0.47,of all L1-dcache hits
thread=2,func=slow_d,ht=1
# started on Mon Nov  5 13:21:14 2018
26620239714,,cycles:u,7591480023,100.00,,
11633066073,,instructions:u,7591480023,100.00,0.44,insn per cycle
4691027525,,L1-dcache-loads:u,7591480023,100.00,,
7941686,,L1-dcache-load-misses:u,7591480023,100.00,0.17,of all L1-dcache hits
thread=2,func=slow_e,ht=1
# started on Mon Nov  5 13:21:22 2018
9114795387,,cycles:u,2890248212,100.00,,
5133058697,,instructions:u,2890248212,100.00,0.56,insn per cycle
690850971,,L1-dcache-loads:u,2890248212,100.00,,
502756610,,L1-dcache-load-misses:u,2890248212,100.00,72.77,of all L1-dcache hits
thread=2,func=slow_f,ht=1
# started on Mon Nov  5 13:21:25 2018
1082007115,,cycles:u,317814304,100.00,,
2226816229,,instructions:u,317814304,100.00,2.06,insn per cycle
222065389,,L1-dcache-loads:u,317814304,100.00,,
7874053,,L1-dcache-load-misses:u,317814304,100.00,3.55,of all L1-dcache hits
