thread=1,func=fast,ht=0
# started on Mon Nov  5 13:46:32 2018
822533772,,cycles:u,237966504,100.00,,
2206761619,,instructions:u,237966504,100.00,2.68,insn per cycle
222045343,,L1-dcache-loads:u,237966504,100.00,,
7871035,,L1-dcache-load-misses:u,237966504,100.00,3.54,of all L1-dcache hits
thread=1,func=slow_a,ht=0
# started on Mon Nov  5 13:46:33 2018
2542108310,,cycles:u,717203035,100.00,,
6653009910,,instructions:u,717203035,100.00,2.62,insn per cycle
2695800242,,L1-dcache-loads:u,717203035,100.00,,
7874097,,L1-dcache-load-misses:u,717203035,100.00,0.29,of all L1-dcache hits
thread=1,func=slow_b,ht=0
# started on Mon Nov  5 13:46:34 2018
3276468612,,cycles:u,924720758,100.00,,
4613034117,,instructions:u,924720758,100.00,1.41,insn per cycle
1190809430,,L1-dcache-loads:u,924720758,100.00,,
7873544,,L1-dcache-load-misses:u,924720758,100.00,0.66,of all L1-dcache hits
thread=1,func=slow_c,ht=0
# started on Mon Nov  5 13:46:35 2018
9868688151,,cycles:u,2766198409,100.00,,
5113012572,,instructions:u,2766198409,100.00,0.52,insn per cycle
1690819591,,L1-dcache-loads:u,2766198409,100.00,,
7884494,,L1-dcache-load-misses:u,2766198409,100.00,0.47,of all L1-dcache hits
thread=1,func=slow_d,ht=0
# started on Mon Nov  5 13:46:37 2018
26291565058,,cycles:u,7351830374,100.00,,
11613020186,,instructions:u,7351830374,100.00,0.44,insn per cycle
4690862144,,L1-dcache-loads:u,7351830374,100.00,,
7907608,,L1-dcache-load-misses:u,7351830374,100.00,0.17,of all L1-dcache hits
thread=1,func=slow_e,ht=0
# started on Mon Nov  5 13:46:45 2018
8330898699,,cycles:u,2647210598,100.00,,
5113052736,,instructions:u,2647210598,100.00,0.61,insn per cycle
690833554,,L1-dcache-loads:u,2647210598,100.00,,
502769559,,L1-dcache-load-misses:u,2647210598,100.00,72.78,of all L1-dcache hits
thread=1,func=slow_f,ht=0
# started on Mon Nov  5 13:46:47 2018
822590594,,cycles:u,239428234,100.00,,
2206786943,,instructions:u,239428234,100.00,2.68,insn per cycle
222051305,,L1-dcache-loads:u,239428234,100.00,,
7870515,,L1-dcache-load-misses:u,239428234,100.00,3.54,of all L1-dcache hits
thread=2,func=fast,ht=0
# started on Mon Nov  5 13:46:48 2018
1088384344,,cycles:u,318977305,100.00,,
2226771854,,instructions:u,318977305,100.00,2.05,insn per cycle
222050445,,L1-dcache-loads:u,318977305,100.00,,
7878865,,L1-dcache-load-misses:u,318977305,100.00,3.55,of all L1-dcache hits
thread=2,func=slow_a,ht=0
# started on Mon Nov  5 13:46:48 2018
2810261834,,cycles:u,812070599,100.00,,
6673019384,,instructions:u,812070599,100.00,2.37,insn per cycle
2695806128,,L1-dcache-loads:u,812070599,100.00,,
7881460,,L1-dcache-load-misses:u,812070599,100.00,0.29,of all L1-dcache hits
thread=2,func=slow_b,ht=0
# started on Mon Nov  5 13:46:49 2018
14934820790,,cycles:u,4378896384,100.00,,
4633060401,,instructions:u,4378896384,100.00,0.31,insn per cycle
1190857984,,L1-dcache-loads:u,4378896384,100.00,,
146689611,,L1-dcache-load-misses:u,4378896384,100.00,12.32,of all L1-dcache hits
thread=2,func=slow_c,ht=0
# started on Mon Nov  5 13:46:51 2018
108825438080,,cycles:u,34649954196,100.00,,
5133048728,,instructions:u,34649954196,100.00,0.05,insn per cycle
1691113345,,L1-dcache-loads:u,34649954196,100.00,,
754418581,,L1-dcache-load-misses:u,34649954196,100.00,44.61,of all L1-dcache hits
thread=2,func=slow_d,ht=0
# started on Mon Nov  5 13:47:08 2018
98843183883,,cycles:u,82264967568,100.00,,
15489185558,,instructions:u,82264967568,100.00,0.16,insn per cycle
5266126953,,L1-dcache-loads:u,82264967568,100.00,,
836900498,,L1-dcache-load-misses:u,82264967568,100.00,15.89,of all L1-dcache hits
thread=2,func=slow_e,ht=0
# started on Mon Nov  5 13:47:50 2018
14218298702,,cycles:u,4534847446,100.00,,
5133058970,,instructions:u,4534847446,100.00,0.36,insn per cycle
690847957,,L1-dcache-loads:u,4534847446,100.00,,
675553451,,L1-dcache-load-misses:u,4534847446,100.00,97.79,of all L1-dcache hits
thread=2,func=slow_f,ht=0
# started on Mon Nov  5 13:47:53 2018
1079683735,,cycles:u,316412206,100.00,,
2226818387,,instructions:u,316412206,100.00,2.06,insn per cycle
222061079,,L1-dcache-loads:u,316412206,100.00,,
7883889,,L1-dcache-load-misses:u,316412206,100.00,3.55,of all L1-dcache hits
thread=2,func=fast,ht=1
# started on Mon Nov  5 13:47:53 2018
1084733931,,cycles:u,312963061,100.00,,
2226769857,,instructions:u,312963061,100.00,2.05,insn per cycle
222050168,,L1-dcache-loads:u,312963061,100.00,,
7875768,,L1-dcache-load-misses:u,312963061,100.00,3.55,of all L1-dcache hits
thread=2,func=slow_a,ht=1
# started on Mon Nov  5 13:47:53 2018
2807489575,,cycles:u,791699575,100.00,,
6673016099,,instructions:u,791699575,100.00,2.38,insn per cycle
2695803445,,L1-dcache-loads:u,791699575,100.00,,
7875643,,L1-dcache-load-misses:u,791699575,100.00,0.29,of all L1-dcache hits
thread=2,func=slow_b,ht=1
# started on Mon Nov  5 13:47:54 2018
3543751707,,cycles:u,997516969,100.00,,
4633053573,,instructions:u,997516969,100.00,1.31,insn per cycle
1190814756,,L1-dcache-loads:u,997516969,100.00,,
15695691,,L1-dcache-load-misses:u,997516969,100.00,1.32,of all L1-dcache hits
thread=2,func=slow_c,ht=1
# started on Mon Nov  5 13:47:55 2018
10135671012,,cycles:u,2838715581,100.00,,
5133022173,,instructions:u,2838715581,100.00,0.51,insn per cycle
1690823863,,L1-dcache-loads:u,2838715581,100.00,,
7891290,,L1-dcache-load-misses:u,2838715581,100.00,0.47,of all L1-dcache hits
thread=2,func=slow_d,ht=1
# started on Mon Nov  5 13:47:58 2018
26573913997,,cycles:u,7435123947,100.00,,
11633063813,,instructions:u,7435123947,100.00,0.44,insn per cycle
4690875786,,L1-dcache-loads:u,7435123947,100.00,,
7932259,,L1-dcache-load-misses:u,7435123947,100.00,0.17,of all L1-dcache hits
thread=2,func=slow_e,ht=1
# started on Mon Nov  5 13:48:06 2018
8866047428,,cycles:u,2826249172,100.00,,
5133059458,,instructions:u,2826249172,100.00,0.58,insn per cycle
690837848,,L1-dcache-loads:u,2826249172,100.00,,
502746439,,L1-dcache-load-misses:u,2826249172,100.00,72.77,of all L1-dcache hits
thread=2,func=slow_f,ht=1
# started on Mon Nov  5 13:48:08 2018
1082170863,,cycles:u,309599165,100.00,,
2226812755,,instructions:u,309599165,100.00,2.06,insn per cycle
222058515,,L1-dcache-loads:u,309599165,100.00,,
7872850,,L1-dcache-load-misses:u,309599165,100.00,3.55,of all L1-dcache hits
