This file contains any messages produced by compilers while
running configure, to aid debugging if configure makes a mistake.

It was created by INF8601-LAB1-master configure 2.2.2, which was
generated by GNU Autoconf 2.69.  Invocation command line was

  $ ./configure 

## --------- ##
## Platform. ##
## --------- ##

hostname = l4712-01.info.polymtl.ca
uname -m = x86_64
uname -r = 4.17.12-200.fc28.x86_64
uname -s = Linux
uname -v = #1 SMP Fri Aug 3 15:01:13 UTC 2018

/usr/bin/uname -p = x86_64
/bin/uname -X     = unknown

/bin/arch              = x86_64
/usr/bin/arch -k       = unknown
/usr/convex/getsysinfo = unknown
/usr/bin/hostinfo      = unknown
/bin/machine           = unknown
/usr/bin/oslevel       = unknown
/bin/universe          = unknown

PATH: /usr/local/cours/HACK/idea-IC-171.4249.39/bin
PATH: /usr/local/rstudio-1.1.456/bin
PATH: /usr/local/texlive/2017/bin/x86_64-linux
PATH: /usr/lib64/qt-3.3/bin
PATH: /usr/lib64/mpich/bin
PATH: /usr/share/Modules/bin
PATH: /opt/cuda-9.1/bin
PATH: /usr/local/bin
PATH: /usr/bin
PATH: /usr/local/sbin
PATH: /usr/sbin
PATH: /opt/java/jdk8.x86_64/bin
PATH: /opt/MATLAB/R2018a/bin
PATH: /opt/pycharm-edu-3.0/bin
PATH: /usr/local/CPNTools/bin
PATH: /usr/local/openclcc/bin
PATH: /usr/local/cours/inf1900/bin
PATH: /usr/local/cours/INF6410/bin
PATH: /usr/local/cours/INF6603/bin
PATH: /usr/local/cours/inf6802/bin
PATH: /usr/local/cours/JohnMullins/bin
PATH: /usr/local/cours/LOG1000/bin
PATH: /usr/local/cours/LOG4420/bin
PATH: /usr/local/cours/INF6101/MiniZinc
PATH: /usr/local/cours/INF6603/CPAchecker-1.3.4-unix/scripts
PATH: /usr/local/cours/INF6603/llbmc-2013.1-Linux_64/bin
PATH: /usr/local/cours/INF6603/uppaal64-4.1.19
PATH: /usr/local/cours/INF6603/uppaal-tiga-0.18
PATH: /usr/local/cours/INF8601/lttng/bin
PATH: /usr/local/cours/INF8601/workload-kit-0.1.16/bin
PATH: /usr/local/cours/INF8601/lttv/bin
PATH: /usr/local/cours/INF8601/trace-compass
PATH: /usr/local/cours/LOG1000/pmccabe/usr/bin
PATH: /usr/local/cours/LOG6605/prism-4.3-linux64/bin


## ----------- ##
## Core tests. ##
## ----------- ##

configure:2396: checking for a BSD-compatible install
configure:2464: result: /usr/bin/install -c
configure:2475: checking whether build environment is sane
configure:2530: result: yes
configure:2681: checking for a thread-safe mkdir -p
configure:2720: result: /usr/bin/mkdir -p
configure:2727: checking for gawk
configure:2743: found /usr/bin/gawk
configure:2754: result: gawk
configure:2765: checking whether make sets $(MAKE)
configure:2787: result: yes
configure:2816: checking whether make supports nested variables
configure:2833: result: yes
configure:2989: checking build system type
configure:3003: result: x86_64-pc-linux-gnu
configure:3023: checking host system type
configure:3036: result: x86_64-pc-linux-gnu
configure:3077: checking how to print strings
configure:3104: result: printf
configure:3137: checking for style of include used by make
configure:3165: result: GNU
configure:3236: checking for gcc
configure:3252: found /usr/bin/gcc
configure:3263: result: gcc
configure:3492: checking for C compiler version
configure:3501: gcc --version >&5
gcc (GCC) 8.1.1 20180712 (Red Hat 8.1.1-5)
Copyright (C) 2018 Free Software Foundation, Inc.
This is free software; see the source for copying conditions.  There is NO
warranty; not even for MERCHANTABILITY or FITNESS FOR A PARTICULAR PURPOSE.

configure:3512: $? = 0
configure:3501: gcc -v >&5
Using built-in specs.
COLLECT_GCC=gcc
COLLECT_LTO_WRAPPER=/usr/libexec/gcc/x86_64-redhat-linux/8/lto-wrapper
OFFLOAD_TARGET_NAMES=nvptx-none
OFFLOAD_TARGET_DEFAULT=1
Target: x86_64-redhat-linux
Configured with: ../configure --enable-bootstrap --enable-languages=c,c++,fortran,objc,obj-c++,ada,go,lto --prefix=/usr --mandir=/usr/share/man --infodir=/usr/share/info --with-bugurl=http://bugzilla.redhat.com/bugzilla --enable-shared --enable-threads=posix --enable-checking=release --enable-multilib --with-system-zlib --enable-__cxa_atexit --disable-libunwind-exceptions --enable-gnu-unique-object --enable-linker-build-id --with-gcc-major-version-only --with-linker-hash-style=gnu --enable-plugin --enable-initfini-array --with-isl --enable-libmpx --enable-offload-targets=nvptx-none --without-cuda-driver --enable-gnu-indirect-function --enable-cet --with-tune=generic --with-arch_32=i686 --build=x86_64-redhat-linux
Thread model: posix
gcc version 8.1.1 20180712 (Red Hat 8.1.1-5) (GCC) 
configure:3512: $? = 0
configure:3501: gcc -V >&5
gcc: error: unrecognized command line option '-V'
gcc: fatal error: no input files
compilation terminated.
configure:3512: $? = 1
configure:3501: gcc -qversion >&5
gcc: error: unrecognized command line option '-qversion'; did you mean '--version'?
gcc: fatal error: no input files
compilation terminated.
configure:3512: $? = 1
configure:3532: checking whether the C compiler works
configure:3554: gcc    conftest.c  >&5
configure:3558: $? = 0
configure:3606: result: yes
configure:3609: checking for C compiler default output file name
configure:3611: result: a.out
configure:3617: checking for suffix of executables
configure:3624: gcc -o conftest    conftest.c  >&5
configure:3628: $? = 0
configure:3650: result: 
configure:3672: checking whether we are cross compiling
configure:3680: gcc -o conftest    conftest.c  >&5
configure:3684: $? = 0
configure:3691: ./conftest
configure:3695: $? = 0
configure:3710: result: no
configure:3715: checking for suffix of object files
configure:3737: gcc -c   conftest.c >&5
configure:3741: $? = 0
configure:3762: result: o
configure:3766: checking whether we are using the GNU C compiler
configure:3785: gcc -c   conftest.c >&5
configure:3785: $? = 0
configure:3794: result: yes
configure:3803: checking whether gcc accepts -g
configure:3823: gcc -c -g  conftest.c >&5
configure:3823: $? = 0
configure:3864: result: yes
configure:3881: checking for gcc option to accept ISO C89
configure:3944: gcc  -c -g -O2  conftest.c >&5
configure:3944: $? = 0
configure:3957: result: none needed
configure:3982: checking whether gcc understands -c and -o together
configure:4004: gcc -c conftest.c -o conftest2.o
configure:4007: $? = 0
configure:4004: gcc -c conftest.c -o conftest2.o
configure:4007: $? = 0
configure:4019: result: yes
configure:4038: checking dependency style of gcc
configure:4149: result: gcc3
configure:4164: checking for a sed that does not truncate output
configure:4228: result: /usr/bin/sed
configure:4246: checking for grep that handles long lines and -e
configure:4304: result: /usr/bin/grep
configure:4309: checking for egrep
configure:4371: result: /usr/bin/grep -E
configure:4376: checking for fgrep
configure:4438: result: /usr/bin/grep -F
configure:4473: checking for ld used by gcc
configure:4540: result: /usr/bin/ld
configure:4547: checking if the linker (/usr/bin/ld) is GNU ld
configure:4562: result: yes
configure:4574: checking for BSD- or MS-compatible name lister (nm)
configure:4628: result: /usr/bin/nm -B
configure:4758: checking the name lister (/usr/bin/nm -B) interface
configure:4765: gcc -c -g -O2  conftest.c >&5
configure:4768: /usr/bin/nm -B "conftest.o"
configure:4771: output
0000000000000000 B some_variable
configure:4778: result: BSD nm
configure:4781: checking whether ln -s works
configure:4785: result: yes
configure:4793: checking the maximum length of command line arguments
configure:4924: result: 1572864
configure:4972: checking how to convert x86_64-pc-linux-gnu file names to x86_64-pc-linux-gnu format
configure:5012: result: func_convert_file_noop
configure:5019: checking how to convert x86_64-pc-linux-gnu file names to toolchain format
configure:5039: result: func_convert_file_noop
configure:5046: checking for /usr/bin/ld option to reload object files
configure:5053: result: -r
configure:5127: checking for objdump
configure:5143: found /usr/bin/objdump
configure:5154: result: objdump
configure:5186: checking how to recognize dependent libraries
configure:5386: result: pass_all
configure:5471: checking for dlltool
configure:5501: result: no
configure:5531: checking how to associate runtime and link libraries
configure:5558: result: printf %s\n
configure:5619: checking for ar
configure:5635: found /usr/bin/ar
configure:5646: result: ar
configure:5683: checking for archiver @FILE support
configure:5700: gcc -c -g -O2  conftest.c >&5
configure:5700: $? = 0
configure:5703: ar cru libconftest.a @conftest.lst >&5
configure:5706: $? = 0
configure:5711: ar cru libconftest.a @conftest.lst >&5
ar: conftest.o: No such file or directory
configure:5714: $? = 1
configure:5726: result: @
configure:5784: checking for strip
configure:5800: found /usr/bin/strip
configure:5811: result: strip
configure:5883: checking for ranlib
configure:5899: found /usr/bin/ranlib
configure:5910: result: ranlib
configure:6012: checking command to parse /usr/bin/nm -B output from gcc object
configure:6165: gcc -c -g -O2  conftest.c >&5
configure:6168: $? = 0
configure:6172: /usr/bin/nm -B conftest.o \| sed -n -e 's/^.*[ ]\([ABCDGIRSTW][ABCDGIRSTW]*\)[ ][ ]*\([_A-Za-z][_A-Za-z0-9]*\)$/\1 \2 \2/p' | sed '/ __gnu_lto/d' \> conftest.nm
configure:6175: $? = 0
configure:6241: gcc -o conftest -g -O2   conftest.c conftstm.o >&5
configure:6244: $? = 0
configure:6282: result: ok
configure:6329: checking for sysroot
configure:6359: result: no
configure:6366: checking for a working dd
configure:6404: result: /usr/bin/dd
configure:6408: checking how to truncate binary pipes
configure:6423: result: /usr/bin/dd bs=4096 count=1
configure:6559: gcc -c -g -O2  conftest.c >&5
configure:6562: $? = 0
configure:6752: checking for mt
configure:6782: result: no
configure:6802: checking if : is a manifest tool
configure:6808: : '-?'
configure:6816: result: no
configure:7493: checking how to run the C preprocessor
configure:7524: gcc -E  conftest.c
configure:7524: $? = 0
configure:7538: gcc -E  conftest.c
conftest.c:11:10: fatal error: ac_nonexistent.h: No such file or directory
 #include <ac_nonexistent.h>
          ^~~~~~~~~~~~~~~~~~
compilation terminated.
configure:7538: $? = 1
configure: failed program was:
| /* confdefs.h */
| #define PACKAGE_NAME "INF8601-LAB1-master"
| #define PACKAGE_TARNAME "inf8601-lab1-master"
| #define PACKAGE_VERSION "2.2.2"
| #define PACKAGE_STRING "INF8601-LAB1-master 2.2.2"
| #define PACKAGE_BUGREPORT ""
| #define PACKAGE_URL ""
| #define PACKAGE "inf8601-lab1-master"
| #define VERSION "2.2.2"
| /* end confdefs.h.  */
| #include <ac_nonexistent.h>
configure:7563: result: gcc -E
configure:7583: gcc -E  conftest.c
configure:7583: $? = 0
configure:7597: gcc -E  conftest.c
conftest.c:11:10: fatal error: ac_nonexistent.h: No such file or directory
 #include <ac_nonexistent.h>
          ^~~~~~~~~~~~~~~~~~
compilation terminated.
configure:7597: $? = 1
configure: failed program was:
| /* confdefs.h */
| #define PACKAGE_NAME "INF8601-LAB1-master"
| #define PACKAGE_TARNAME "inf8601-lab1-master"
| #define PACKAGE_VERSION "2.2.2"
| #define PACKAGE_STRING "INF8601-LAB1-master 2.2.2"
| #define PACKAGE_BUGREPORT ""
| #define PACKAGE_URL ""
| #define PACKAGE "inf8601-lab1-master"
| #define VERSION "2.2.2"
| /* end confdefs.h.  */
| #include <ac_nonexistent.h>
configure:7626: checking for ANSI C header files
configure:7646: gcc -c -g -O2  conftest.c >&5
configure:7646: $? = 0
configure:7719: gcc -o conftest -g -O2   conftest.c  >&5
configure:7719: $? = 0
configure:7719: ./conftest
configure:7719: $? = 0
configure:7730: result: yes
configure:7743: checking for sys/types.h
configure:7743: gcc -c -g -O2  conftest.c >&5
configure:7743: $? = 0
configure:7743: result: yes
configure:7743: checking for sys/stat.h
configure:7743: gcc -c -g -O2  conftest.c >&5
configure:7743: $? = 0
configure:7743: result: yes
configure:7743: checking for stdlib.h
configure:7743: gcc -c -g -O2  conftest.c >&5
configure:7743: $? = 0
configure:7743: result: yes
configure:7743: checking for string.h
configure:7743: gcc -c -g -O2  conftest.c >&5
configure:7743: $? = 0
configure:7743: result: yes
configure:7743: checking for memory.h
configure:7743: gcc -c -g -O2  conftest.c >&5
configure:7743: $? = 0
configure:7743: result: yes
configure:7743: checking for strings.h
configure:7743: gcc -c -g -O2  conftest.c >&5
configure:7743: $? = 0
configure:7743: result: yes
configure:7743: checking for inttypes.h
configure:7743: gcc -c -g -O2  conftest.c >&5
configure:7743: $? = 0
configure:7743: result: yes
configure:7743: checking for stdint.h
configure:7743: gcc -c -g -O2  conftest.c >&5
configure:7743: $? = 0
configure:7743: result: yes
configure:7743: checking for unistd.h
configure:7743: gcc -c -g -O2  conftest.c >&5
configure:7743: $? = 0
configure:7743: result: yes
configure:7757: checking for dlfcn.h
configure:7757: gcc -c -g -O2  conftest.c >&5
configure:7757: $? = 0
configure:7757: result: yes
configure:8013: checking for objdir
configure:8028: result: .libs
configure:8288: checking if gcc supports -fno-rtti -fno-exceptions
configure:8306: gcc -c -g -O2  -fno-rtti -fno-exceptions conftest.c >&5
cc1: warning: command line option '-fno-rtti' is valid for C++/ObjC++ but not for C
configure:8310: $? = 0
configure:8323: result: no
configure:8681: checking for gcc option to produce PIC
configure:8688: result: -fPIC -DPIC
configure:8696: checking if gcc PIC flag -fPIC -DPIC works
configure:8714: gcc -c -g -O2  -fPIC -DPIC -DPIC conftest.c >&5
configure:8718: $? = 0
configure:8731: result: yes
configure:8760: checking if gcc static flag -static works
configure:8788: result: yes
configure:8803: checking if gcc supports -c -o file.o
configure:8824: gcc -c -g -O2  -o out/conftest2.o conftest.c >&5
configure:8828: $? = 0
configure:8850: result: yes
configure:8858: checking if gcc supports -c -o file.o
configure:8905: result: yes
configure:8938: checking whether the gcc linker (/usr/bin/ld -m elf_x86_64) supports shared libraries
configure:10197: result: yes
configure:10234: checking whether -lc should be explicitly linked in
configure:10242: gcc -c -g -O2  conftest.c >&5
configure:10245: $? = 0
configure:10260: gcc -shared  -fPIC -DPIC conftest.o  -v -Wl,-soname -Wl,conftest -o conftest 2\>\&1 \| /usr/bin/grep  -lc  \>/dev/null 2\>\&1
configure:10263: $? = 0
configure:10277: result: no
configure:10437: checking dynamic linker characteristics
configure:11018: gcc -o conftest -g -O2   -Wl,-rpath -Wl,/foo conftest.c  >&5
configure:11018: $? = 0
configure:11258: result: GNU/Linux ld.so
configure:11380: checking how to hardcode library paths into programs
configure:11405: result: immediate
configure:11953: checking whether stripping libraries is possible
configure:11958: result: yes
configure:11993: checking if libtool supports shared libraries
configure:11995: result: yes
configure:11998: checking whether to build shared libraries
configure:12023: result: yes
configure:12026: checking whether to build static libraries
configure:12030: result: yes
configure:12071: checking for sys/types.h
configure:12071: result: yes
configure:12071: checking for unistd.h
configure:12071: result: yes
configure:12071: checking fcntl.h usability
configure:12071: gcc -c -g -O2  conftest.c >&5
configure:12071: $? = 0
configure:12071: result: yes
configure:12071: checking fcntl.h presence
configure:12071: gcc -E  conftest.c
configure:12071: $? = 0
configure:12071: result: yes
configure:12071: checking for fcntl.h
configure:12071: result: yes
configure:12071: checking for strings.h
configure:12071: result: yes
configure:12071: checking pthread.h usability
configure:12071: gcc -c -g -O2  conftest.c >&5
configure:12071: $? = 0
configure:12071: result: yes
configure:12071: checking pthread.h presence
configure:12071: gcc -E  conftest.c
configure:12071: $? = 0
configure:12071: result: yes
configure:12071: checking for pthread.h
configure:12071: result: yes
configure:12071: checking time.h usability
configure:12071: gcc -c -g -O2  conftest.c >&5
configure:12071: $? = 0
configure:12071: result: yes
configure:12071: checking time.h presence
configure:12071: gcc -E  conftest.c
configure:12071: $? = 0
configure:12071: result: yes
configure:12071: checking for time.h
configure:12071: result: yes
configure:12071: checking errno.h usability
configure:12071: gcc -c -g -O2  conftest.c >&5
configure:12071: $? = 0
configure:12071: result: yes
configure:12071: checking errno.h presence
configure:12071: gcc -E  conftest.c
configure:12071: $? = 0
configure:12071: result: yes
configure:12071: checking for errno.h
configure:12071: result: yes
configure:12071: checking stdarg.h usability
configure:12071: gcc -c -g -O2  conftest.c >&5
configure:12071: $? = 0
configure:12071: result: yes
configure:12071: checking stdarg.h presence
configure:12071: gcc -E  conftest.c
configure:12071: $? = 0
configure:12071: result: yes
configure:12071: checking for stdarg.h
configure:12071: result: yes
configure:12071: checking limits.h usability
configure:12071: gcc -c -g -O2  conftest.c >&5
configure:12071: $? = 0
configure:12071: result: yes
configure:12071: checking limits.h presence
configure:12071: gcc -E  conftest.c
configure:12071: $? = 0
configure:12071: result: yes
configure:12071: checking for limits.h
configure:12071: result: yes
configure:12071: checking signal.h usability
configure:12071: gcc -c -g -O2  conftest.c >&5
configure:12071: $? = 0
configure:12071: result: yes
configure:12071: checking signal.h presence
configure:12071: gcc -E  conftest.c
configure:12071: $? = 0
configure:12071: result: yes
configure:12071: checking for signal.h
configure:12071: result: yes
configure:12071: checking for stdlib.h
configure:12071: result: yes
configure:12084: checking for inttypes.h
configure:12084: result: yes
configure:12084: checking math.h usability
configure:12084: gcc -c -g -O2  conftest.c >&5
configure:12084: $? = 0
configure:12084: result: yes
configure:12084: checking math.h presence
configure:12084: gcc -E  conftest.c
configure:12084: $? = 0
configure:12084: result: yes
configure:12084: checking for math.h
configure:12084: result: yes
configure:12084: checking tbb/tbb.h usability
configure:12084: gcc -c -g -O2  conftest.c >&5
In file included from /usr/include/tbb/tbb_stddef.h:95,
                 from /usr/include/tbb/aligned_space.h:24,
                 from /usr/include/tbb/tbb.h:35,
                 from conftest.c:69:
/usr/include/tbb/tbb_config.h:40:14: fatal error: cstddef: No such file or directory
     #include <cstddef>
              ^~~~~~~~~
compilation terminated.
configure:12084: $? = 1
configure: failed program was:
| /* confdefs.h */
| #define PACKAGE_NAME "INF8601-LAB1-master"
| #define PACKAGE_TARNAME "inf8601-lab1-master"
| #define PACKAGE_VERSION "2.2.2"
| #define PACKAGE_STRING "INF8601-LAB1-master 2.2.2"
| #define PACKAGE_BUGREPORT ""
| #define PACKAGE_URL ""
| #define PACKAGE "inf8601-lab1-master"
| #define VERSION "2.2.2"
| #define STDC_HEADERS 1
| #define HAVE_SYS_TYPES_H 1
| #define HAVE_SYS_STAT_H 1
| #define HAVE_STDLIB_H 1
| #define HAVE_STRING_H 1
| #define HAVE_MEMORY_H 1
| #define HAVE_STRINGS_H 1
| #define HAVE_INTTYPES_H 1
| #define HAVE_STDINT_H 1
| #define HAVE_UNISTD_H 1
| #define HAVE_DLFCN_H 1
| #define LT_OBJDIR ".libs/"
| #define HAVE_SYS_TYPES_H 1
| #define HAVE_UNISTD_H 1
| #define HAVE_FCNTL_H 1
| #define HAVE_STRINGS_H 1
| #define HAVE_PTHREAD_H 1
| #define HAVE_TIME_H 1
| #define HAVE_ERRNO_H 1
| #define HAVE_STDARG_H 1
| #define HAVE_LIMITS_H 1
| #define HAVE_SIGNAL_H 1
| #define HAVE_STDLIB_H 1
| #define HAVE_INTTYPES_H 1
| #define HAVE_MATH_H 1
| /* end confdefs.h.  */
| #include <stdio.h>
| #ifdef HAVE_SYS_TYPES_H
| # include <sys/types.h>
| #endif
| #ifdef HAVE_SYS_STAT_H
| # include <sys/stat.h>
| #endif
| #ifdef STDC_HEADERS
| # include <stdlib.h>
| # include <stddef.h>
| #else
| # ifdef HAVE_STDLIB_H
| #  include <stdlib.h>
| # endif
| #endif
| #ifdef HAVE_STRING_H
| # if !defined STDC_HEADERS && defined HAVE_MEMORY_H
| #  include <memory.h>
| # endif
| # include <string.h>
| #endif
| #ifdef HAVE_STRINGS_H
| # include <strings.h>
| #endif
| #ifdef HAVE_INTTYPES_H
| # include <inttypes.h>
| #endif
| #ifdef HAVE_STDINT_H
| # include <stdint.h>
| #endif
| #ifdef HAVE_UNISTD_H
| # include <unistd.h>
| #endif
| #include <tbb/tbb.h>
configure:12084: result: no
configure:12084: checking tbb/tbb.h presence
configure:12084: gcc -E  conftest.c
In file included from /usr/include/tbb/tbb_stddef.h:95,
                 from /usr/include/tbb/aligned_space.h:24,
                 from /usr/include/tbb/tbb.h:35,
                 from conftest.c:36:
/usr/include/tbb/tbb_config.h:40:14: fatal error: cstddef: No such file or directory
     #include <cstddef>
              ^~~~~~~~~
compilation terminated.
configure:12084: $? = 1
configure: failed program was:
| /* confdefs.h */
| #define PACKAGE_NAME "INF8601-LAB1-master"
| #define PACKAGE_TARNAME "inf8601-lab1-master"
| #define PACKAGE_VERSION "2.2.2"
| #define PACKAGE_STRING "INF8601-LAB1-master 2.2.2"
| #define PACKAGE_BUGREPORT ""
| #define PACKAGE_URL ""
| #define PACKAGE "inf8601-lab1-master"
| #define VERSION "2.2.2"
| #define STDC_HEADERS 1
| #define HAVE_SYS_TYPES_H 1
| #define HAVE_SYS_STAT_H 1
| #define HAVE_STDLIB_H 1
| #define HAVE_STRING_H 1
| #define HAVE_MEMORY_H 1
| #define HAVE_STRINGS_H 1
| #define HAVE_INTTYPES_H 1
| #define HAVE_STDINT_H 1
| #define HAVE_UNISTD_H 1
| #define HAVE_DLFCN_H 1
| #define LT_OBJDIR ".libs/"
| #define HAVE_SYS_TYPES_H 1
| #define HAVE_UNISTD_H 1
| #define HAVE_FCNTL_H 1
| #define HAVE_STRINGS_H 1
| #define HAVE_PTHREAD_H 1
| #define HAVE_TIME_H 1
| #define HAVE_ERRNO_H 1
| #define HAVE_STDARG_H 1
| #define HAVE_LIMITS_H 1
| #define HAVE_SIGNAL_H 1
| #define HAVE_STDLIB_H 1
| #define HAVE_INTTYPES_H 1
| #define HAVE_MATH_H 1
| /* end confdefs.h.  */
| #include <tbb/tbb.h>
configure:12084: result: no
configure:12084: checking for tbb/tbb.h
configure:12084: result: no
configure:12094: checking for pthread_create in -lpthread
configure:12119: gcc -o conftest -g -O2   conftest.c -lpthread   >&5
configure:12119: $? = 0
configure:12128: result: yes
configure:12139: checking for TBB_runtime_interface_version in -ltbb
configure:12164: gcc -o conftest -g -O2   conftest.c -ltbb  -lpthread  >&5
configure:12164: $? = 0
configure:12173: result: yes
configure:12184: checking for pow in -lm
configure:12209: gcc -o conftest -g -O2   conftest.c -lm  -ltbb -lpthread  >&5
conftest.c:45:6: warning: conflicting types for built-in function 'pow' [-Wbuiltin-declaration-mismatch]
 char pow ();
      ^~~
configure:12209: $? = 0
configure:12218: result: yes
configure:12229: checking for fclose in -lstdc++
configure:12254: gcc -o conftest -g -O2   conftest.c -lstdc++  -lm -ltbb -lpthread  >&5
configure:12254: $? = 0
configure:12263: result: yes
configure:12278: checking whether to enable debug mode
configure:12297: result: no
configure:12311: checking for gcc option to support OpenMP
configure:12326: gcc -o conftest -Wall -O2 -fomit-frame-pointer   conftest.c -lstdc++ -lm -ltbb -lpthread  >&5
conftest.c:42:2: error: unknown type name 'choke'
  choke me
  ^~~~~
conftest.c:42:10: error: expected ';' before 'typedef'
  choke me
          ^
          ;
configure:12326: $? = 1
configure: failed program was:
| /* confdefs.h */
| #define PACKAGE_NAME "INF8601-LAB1-master"
| #define PACKAGE_TARNAME "inf8601-lab1-master"
| #define PACKAGE_VERSION "2.2.2"
| #define PACKAGE_STRING "INF8601-LAB1-master 2.2.2"
| #define PACKAGE_BUGREPORT ""
| #define PACKAGE_URL ""
| #define PACKAGE "inf8601-lab1-master"
| #define VERSION "2.2.2"
| #define STDC_HEADERS 1
| #define HAVE_SYS_TYPES_H 1
| #define HAVE_SYS_STAT_H 1
| #define HAVE_STDLIB_H 1
| #define HAVE_STRING_H 1
| #define HAVE_MEMORY_H 1
| #define HAVE_STRINGS_H 1
| #define HAVE_INTTYPES_H 1
| #define HAVE_STDINT_H 1
| #define HAVE_UNISTD_H 1
| #define HAVE_DLFCN_H 1
| #define LT_OBJDIR ".libs/"
| #define HAVE_SYS_TYPES_H 1
| #define HAVE_UNISTD_H 1
| #define HAVE_FCNTL_H 1
| #define HAVE_STRINGS_H 1
| #define HAVE_PTHREAD_H 1
| #define HAVE_TIME_H 1
| #define HAVE_ERRNO_H 1
| #define HAVE_STDARG_H 1
| #define HAVE_LIMITS_H 1
| #define HAVE_SIGNAL_H 1
| #define HAVE_STDLIB_H 1
| #define HAVE_INTTYPES_H 1
| #define HAVE_MATH_H 1
| #define HAVE_LIBPTHREAD 1
| #define HAVE_LIBTBB 1
| #define HAVE_LIBM 1
| #define HAVE_LIBSTDC__ 1
| /* end confdefs.h.  */
| 
| #ifndef _OPENMP
|  choke me
| #endif
| #include <omp.h>
| int main () { return omp_get_num_threads (); }
| 
configure:12344: gcc -o conftest -Wall -O2 -fomit-frame-pointer -fopenmp   conftest.c -lstdc++ -lm -ltbb -lpthread  >&5
configure:12344: $? = 0
configure:12358: result: -fopenmp
configure:12382: checking whether make supports nested variables
configure:12399: result: yes
configure:12460: checking for gcc
configure:12487: result: gcc
configure:12716: checking for C compiler version
configure:12725: gcc --version >&5
gcc (GCC) 8.1.1 20180712 (Red Hat 8.1.1-5)
Copyright (C) 2018 Free Software Foundation, Inc.
This is free software; see the source for copying conditions.  There is NO
warranty; not even for MERCHANTABILITY or FITNESS FOR A PARTICULAR PURPOSE.

configure:12736: $? = 0
configure:12725: gcc -v >&5
Using built-in specs.
COLLECT_GCC=gcc
COLLECT_LTO_WRAPPER=/usr/libexec/gcc/x86_64-redhat-linux/8/lto-wrapper
OFFLOAD_TARGET_NAMES=nvptx-none
OFFLOAD_TARGET_DEFAULT=1
Target: x86_64-redhat-linux
Configured with: ../configure --enable-bootstrap --enable-languages=c,c++,fortran,objc,obj-c++,ada,go,lto --prefix=/usr --mandir=/usr/share/man --infodir=/usr/share/info --with-bugurl=http://bugzilla.redhat.com/bugzilla --enable-shared --enable-threads=posix --enable-checking=release --enable-multilib --with-system-zlib --enable-__cxa_atexit --disable-libunwind-exceptions --enable-gnu-unique-object --enable-linker-build-id --with-gcc-major-version-only --with-linker-hash-style=gnu --enable-plugin --enable-initfini-array --with-isl --enable-libmpx --enable-offload-targets=nvptx-none --without-cuda-driver --enable-gnu-indirect-function --enable-cet --with-tune=generic --with-arch_32=i686 --build=x86_64-redhat-linux
Thread model: posix
gcc version 8.1.1 20180712 (Red Hat 8.1.1-5) (GCC) 
configure:12736: $? = 0
configure:12725: gcc -V >&5
gcc: error: unrecognized command line option '-V'
gcc: fatal error: no input files
compilation terminated.
configure:12736: $? = 1
configure:12725: gcc -qversion >&5
gcc: error: unrecognized command line option '-qversion'; did you mean '--version'?
gcc: fatal error: no input files
compilation terminated.
configure:12736: $? = 1
configure:12740: checking whether we are using the GNU C compiler
configure:12768: result: yes
configure:12777: checking whether gcc accepts -g
configure:12838: result: yes
configure:12855: checking for gcc option to accept ISO C89
configure:12931: result: none needed
configure:12956: checking whether gcc understands -c and -o together
configure:12993: result: yes
configure:13012: checking dependency style of gcc
configure:13123: result: gcc3
configure:13196: checking for g++
configure:13212: found /usr/bin/g++
configure:13223: result: g++
configure:13250: checking for C++ compiler version
configure:13259: g++ --version >&5
g++ (GCC) 8.1.1 20180712 (Red Hat 8.1.1-5)
Copyright (C) 2018 Free Software Foundation, Inc.
This is free software; see the source for copying conditions.  There is NO
warranty; not even for MERCHANTABILITY or FITNESS FOR A PARTICULAR PURPOSE.

configure:13270: $? = 0
configure:13259: g++ -v >&5
Using built-in specs.
COLLECT_GCC=g++
COLLECT_LTO_WRAPPER=/usr/libexec/gcc/x86_64-redhat-linux/8/lto-wrapper
OFFLOAD_TARGET_NAMES=nvptx-none
OFFLOAD_TARGET_DEFAULT=1
Target: x86_64-redhat-linux
Configured with: ../configure --enable-bootstrap --enable-languages=c,c++,fortran,objc,obj-c++,ada,go,lto --prefix=/usr --mandir=/usr/share/man --infodir=/usr/share/info --with-bugurl=http://bugzilla.redhat.com/bugzilla --enable-shared --enable-threads=posix --enable-checking=release --enable-multilib --with-system-zlib --enable-__cxa_atexit --disable-libunwind-exceptions --enable-gnu-unique-object --enable-linker-build-id --with-gcc-major-version-only --with-linker-hash-style=gnu --enable-plugin --enable-initfini-array --with-isl --enable-libmpx --enable-offload-targets=nvptx-none --without-cuda-driver --enable-gnu-indirect-function --enable-cet --with-tune=generic --with-arch_32=i686 --build=x86_64-redhat-linux
Thread model: posix
gcc version 8.1.1 20180712 (Red Hat 8.1.1-5) (GCC) 
configure:13270: $? = 0
configure:13259: g++ -V >&5
g++: error: unrecognized command line option '-V'
g++: fatal error: no input files
compilation terminated.
configure:13270: $? = 1
configure:13259: g++ -qversion >&5
g++: error: unrecognized command line option '-qversion'; did you mean '--version'?
g++: fatal error: no input files
compilation terminated.
configure:13270: $? = 1
configure:13274: checking whether we are using the GNU C++ compiler
configure:13293: g++ -c -Wall -O2 -fomit-frame-pointer -std=c++0x  conftest.cpp >&5
configure:13293: $? = 0
configure:13302: result: yes
configure:13311: checking whether g++ accepts -g
configure:13331: g++ -c -g  conftest.cpp >&5
configure:13331: $? = 0
configure:13372: result: yes
configure:13397: checking dependency style of g++
configure:13508: result: gcc3
configure:13541: checking how to run the C++ preprocessor
configure:13568: g++ -E  conftest.cpp
configure:13568: $? = 0
configure:13582: g++ -E  conftest.cpp
conftest.cpp:40:10: fatal error: ac_nonexistent.h: No such file or directory
 #include <ac_nonexistent.h>
          ^~~~~~~~~~~~~~~~~~
compilation terminated.
configure:13582: $? = 1
configure: failed program was:
| /* confdefs.h */
| #define PACKAGE_NAME "INF8601-LAB1-master"
| #define PACKAGE_TARNAME "inf8601-lab1-master"
| #define PACKAGE_VERSION "2.2.2"
| #define PACKAGE_STRING "INF8601-LAB1-master 2.2.2"
| #define PACKAGE_BUGREPORT ""
| #define PACKAGE_URL ""
| #define PACKAGE "inf8601-lab1-master"
| #define VERSION "2.2.2"
| #define STDC_HEADERS 1
| #define HAVE_SYS_TYPES_H 1
| #define HAVE_SYS_STAT_H 1
| #define HAVE_STDLIB_H 1
| #define HAVE_STRING_H 1
| #define HAVE_MEMORY_H 1
| #define HAVE_STRINGS_H 1
| #define HAVE_INTTYPES_H 1
| #define HAVE_STDINT_H 1
| #define HAVE_UNISTD_H 1
| #define HAVE_DLFCN_H 1
| #define LT_OBJDIR ".libs/"
| #define HAVE_SYS_TYPES_H 1
| #define HAVE_UNISTD_H 1
| #define HAVE_FCNTL_H 1
| #define HAVE_STRINGS_H 1
| #define HAVE_PTHREAD_H 1
| #define HAVE_TIME_H 1
| #define HAVE_ERRNO_H 1
| #define HAVE_STDARG_H 1
| #define HAVE_LIMITS_H 1
| #define HAVE_SIGNAL_H 1
| #define HAVE_STDLIB_H 1
| #define HAVE_INTTYPES_H 1
| #define HAVE_MATH_H 1
| #define HAVE_LIBPTHREAD 1
| #define HAVE_LIBTBB 1
| #define HAVE_LIBM 1
| #define HAVE_LIBSTDC__ 1
| /* end confdefs.h.  */
| #include <ac_nonexistent.h>
configure:13607: result: g++ -E
configure:13627: g++ -E  conftest.cpp
configure:13627: $? = 0
configure:13641: g++ -E  conftest.cpp
conftest.cpp:40:10: fatal error: ac_nonexistent.h: No such file or directory
 #include <ac_nonexistent.h>
          ^~~~~~~~~~~~~~~~~~
compilation terminated.
configure:13641: $? = 1
configure: failed program was:
| /* confdefs.h */
| #define PACKAGE_NAME "INF8601-LAB1-master"
| #define PACKAGE_TARNAME "inf8601-lab1-master"
| #define PACKAGE_VERSION "2.2.2"
| #define PACKAGE_STRING "INF8601-LAB1-master 2.2.2"
| #define PACKAGE_BUGREPORT ""
| #define PACKAGE_URL ""
| #define PACKAGE "inf8601-lab1-master"
| #define VERSION "2.2.2"
| #define STDC_HEADERS 1
| #define HAVE_SYS_TYPES_H 1
| #define HAVE_SYS_STAT_H 1
| #define HAVE_STDLIB_H 1
| #define HAVE_STRING_H 1
| #define HAVE_MEMORY_H 1
| #define HAVE_STRINGS_H 1
| #define HAVE_INTTYPES_H 1
| #define HAVE_STDINT_H 1
| #define HAVE_UNISTD_H 1
| #define HAVE_DLFCN_H 1
| #define LT_OBJDIR ".libs/"
| #define HAVE_SYS_TYPES_H 1
| #define HAVE_UNISTD_H 1
| #define HAVE_FCNTL_H 1
| #define HAVE_STRINGS_H 1
| #define HAVE_PTHREAD_H 1
| #define HAVE_TIME_H 1
| #define HAVE_ERRNO_H 1
| #define HAVE_STDARG_H 1
| #define HAVE_LIMITS_H 1
| #define HAVE_SIGNAL_H 1
| #define HAVE_STDLIB_H 1
| #define HAVE_INTTYPES_H 1
| #define HAVE_MATH_H 1
| #define HAVE_LIBPTHREAD 1
| #define HAVE_LIBTBB 1
| #define HAVE_LIBM 1
| #define HAVE_LIBSTDC__ 1
| /* end confdefs.h.  */
| #include <ac_nonexistent.h>
configure:13803: checking for ld used by g++
configure:13870: result: /usr/bin/ld -m elf_x86_64
configure:13877: checking if the linker (/usr/bin/ld -m elf_x86_64) is GNU ld
configure:13892: result: yes
configure:13947: checking whether the g++ linker (/usr/bin/ld -m elf_x86_64) supports shared libraries
configure:15020: result: yes
configure:15056: g++ -c -Wall -O2 -fomit-frame-pointer -std=c++0x  conftest.cpp >&5
configure:15059: $? = 0
configure:15540: checking for g++ option to produce PIC
configure:15547: result: -fPIC -DPIC
configure:15555: checking if g++ PIC flag -fPIC -DPIC works
configure:15573: g++ -c -Wall -O2 -fomit-frame-pointer -std=c++0x  -fPIC -DPIC -DPIC conftest.cpp >&5
configure:15577: $? = 0
configure:15590: result: yes
configure:15613: checking if g++ static flag -static works
configure:15641: result: no
configure:15653: checking if g++ supports -c -o file.o
configure:15674: g++ -c -Wall -O2 -fomit-frame-pointer -std=c++0x  -o out/conftest2.o conftest.cpp >&5
configure:15678: $? = 0
configure:15700: result: yes
configure:15705: checking if g++ supports -c -o file.o
configure:15752: result: yes
configure:15782: checking whether the g++ linker (/usr/bin/ld -m elf_x86_64) supports shared libraries
configure:15822: result: yes
configure:15963: checking dynamic linker characteristics
configure:16711: result: GNU/Linux ld.so
configure:16776: checking how to hardcode library paths into programs
configure:16801: result: immediate
configure:16885: checking for ranlib
configure:16912: result: ranlib
configure:17044: checking that generated files are newer than configure
configure:17050: result: done
configure:17081: creating ./config.status

## ---------------------- ##
## Running config.status. ##
## ---------------------- ##

This file was extended by INF8601-LAB1-master config.status 2.2.2, which was
generated by GNU Autoconf 2.69.  Invocation command line was

  CONFIG_FILES    = 
  CONFIG_HEADERS  = 
  CONFIG_LINKS    = 
  CONFIG_COMMANDS = 
  $ ./config.status 

on l4712-01.info.polymtl.ca

config.status:1166: creating Makefile
config.status:1166: creating tests/Makefile
config.status:1166: creating src/Makefile
config.status:1166: creating config.h
config.status:1347: config.h is unchanged
config.status:1395: executing depfiles commands
config.status:1395: executing libtool commands

## ---------------- ##
## Cache variables. ##
## ---------------- ##

ac_cv_build=x86_64-pc-linux-gnu
ac_cv_c_compiler_gnu=yes
ac_cv_cxx_compiler_gnu=yes
ac_cv_env_CCC_set=
ac_cv_env_CCC_value=
ac_cv_env_CC_set=
ac_cv_env_CC_value=
ac_cv_env_CFLAGS_set=
ac_cv_env_CFLAGS_value=
ac_cv_env_CPPFLAGS_set=
ac_cv_env_CPPFLAGS_value=
ac_cv_env_CPP_set=
ac_cv_env_CPP_value=
ac_cv_env_CXXCPP_set=
ac_cv_env_CXXCPP_value=
ac_cv_env_CXXFLAGS_set=
ac_cv_env_CXXFLAGS_value=
ac_cv_env_CXX_set=
ac_cv_env_CXX_value=
ac_cv_env_LDFLAGS_set=
ac_cv_env_LDFLAGS_value=
ac_cv_env_LIBS_set=
ac_cv_env_LIBS_value=
ac_cv_env_LT_SYS_LIBRARY_PATH_set=
ac_cv_env_LT_SYS_LIBRARY_PATH_value=
ac_cv_env_build_alias_set=
ac_cv_env_build_alias_value=
ac_cv_env_host_alias_set=
ac_cv_env_host_alias_value=
ac_cv_env_target_alias_set=
ac_cv_env_target_alias_value=
ac_cv_header_dlfcn_h=yes
ac_cv_header_errno_h=yes
ac_cv_header_fcntl_h=yes
ac_cv_header_inttypes_h=yes
ac_cv_header_limits_h=yes
ac_cv_header_math_h=yes
ac_cv_header_memory_h=yes
ac_cv_header_pthread_h=yes
ac_cv_header_signal_h=yes
ac_cv_header_stdarg_h=yes
ac_cv_header_stdc=yes
ac_cv_header_stdint_h=yes
ac_cv_header_stdlib_h=yes
ac_cv_header_string_h=yes
ac_cv_header_strings_h=yes
ac_cv_header_sys_stat_h=yes
ac_cv_header_sys_types_h=yes
ac_cv_header_tbb_tbb_h=no
ac_cv_header_time_h=yes
ac_cv_header_unistd_h=yes
ac_cv_host=x86_64-pc-linux-gnu
ac_cv_lib_m_pow=yes
ac_cv_lib_pthread_pthread_create=yes
ac_cv_lib_stdcpp_fclose=yes
ac_cv_lib_tbb_TBB_runtime_interface_version=yes
ac_cv_objext=o
ac_cv_path_EGREP='/usr/bin/grep -E'
ac_cv_path_FGREP='/usr/bin/grep -F'
ac_cv_path_GREP=/usr/bin/grep
ac_cv_path_SED=/usr/bin/sed
ac_cv_path_install='/usr/bin/install -c'
ac_cv_path_lt_DD=/usr/bin/dd
ac_cv_path_mkdir=/usr/bin/mkdir
ac_cv_prog_AWK=gawk
ac_cv_prog_CPP='gcc -E'
ac_cv_prog_CXXCPP='g++ -E'
ac_cv_prog_ac_ct_AR=ar
ac_cv_prog_ac_ct_CC=gcc
ac_cv_prog_ac_ct_CXX=g++
ac_cv_prog_ac_ct_OBJDUMP=objdump
ac_cv_prog_ac_ct_RANLIB=ranlib
ac_cv_prog_ac_ct_STRIP=strip
ac_cv_prog_c_openmp=-fopenmp
ac_cv_prog_cc_c89=
ac_cv_prog_cc_g=yes
ac_cv_prog_cxx_g=yes
ac_cv_prog_make_make_set=yes
am_cv_CC_dependencies_compiler_type=gcc3
am_cv_CXX_dependencies_compiler_type=gcc3
am_cv_make_support_nested_variables=yes
am_cv_prog_cc_c_o=yes
lt_cv_ar_at_file=@
lt_cv_archive_cmds_need_lc=no
lt_cv_deplibs_check_method=pass_all
lt_cv_file_magic_cmd='$MAGIC_CMD'
lt_cv_file_magic_test_file=
lt_cv_ld_reload_flag=-r
lt_cv_nm_interface='BSD nm'
lt_cv_objdir=.libs
lt_cv_path_LD=/usr/bin/ld
lt_cv_path_LDCXX='/usr/bin/ld -m elf_x86_64'
lt_cv_path_NM='/usr/bin/nm -B'
lt_cv_path_mainfest_tool=no
lt_cv_prog_compiler_c_o=yes
lt_cv_prog_compiler_c_o_CXX=yes
lt_cv_prog_compiler_pic='-fPIC -DPIC'
lt_cv_prog_compiler_pic_CXX='-fPIC -DPIC'
lt_cv_prog_compiler_pic_works=yes
lt_cv_prog_compiler_pic_works_CXX=yes
lt_cv_prog_compiler_rtti_exceptions=no
lt_cv_prog_compiler_static_works=yes
lt_cv_prog_compiler_static_works_CXX=no
lt_cv_prog_gnu_ld=yes
lt_cv_prog_gnu_ldcxx=yes
lt_cv_sharedlib_from_linklib_cmd='printf %s\n'
lt_cv_shlibpath_overrides_runpath=no
lt_cv_sys_global_symbol_pipe='sed -n -e '\''s/^.*[	 ]\([ABCDGIRSTW][ABCDGIRSTW]*\)[	 ][	 ]*\([_A-Za-z][_A-Za-z0-9]*\)$/\1 \2 \2/p'\'' | sed '\''/ __gnu_lto/d'\'''
lt_cv_sys_global_symbol_to_c_name_address='sed -n -e '\''s/^: \(.*\) .*$/  {"\1", (void *) 0},/p'\'' -e '\''s/^[ABCDGIRSTW][ABCDGIRSTW]* .* \(.*\)$/  {"\1", (void *) \&\1},/p'\'''
lt_cv_sys_global_symbol_to_c_name_address_lib_prefix='sed -n -e '\''s/^: \(.*\) .*$/  {"\1", (void *) 0},/p'\'' -e '\''s/^[ABCDGIRSTW][ABCDGIRSTW]* .* \(lib.*\)$/  {"\1", (void *) \&\1},/p'\'' -e '\''s/^[ABCDGIRSTW][ABCDGIRSTW]* .* \(.*\)$/  {"lib\1", (void *) \&\1},/p'\'''
lt_cv_sys_global_symbol_to_cdecl='sed -n -e '\''s/^T .* \(.*\)$/extern int \1();/p'\'' -e '\''s/^[ABCDGIRSTW][ABCDGIRSTW]* .* \(.*\)$/extern char \1;/p'\'''
lt_cv_sys_global_symbol_to_import=
lt_cv_sys_max_cmd_len=1572864
lt_cv_to_host_file_cmd=func_convert_file_noop
lt_cv_to_tool_file_cmd=func_convert_file_noop
lt_cv_truncate_bin='/usr/bin/dd bs=4096 count=1'

## ----------------- ##
## Output variables. ##
## ----------------- ##

ACLOCAL='${SHELL} /usagers2/molamk/INF8601/tp1/inf8601-lab1-2.2.2/missing aclocal-1.15'
AMDEPBACKSLASH='\'
AMDEP_FALSE='#'
AMDEP_TRUE=''
AMTAR='$${TAR-tar}'
AM_BACKSLASH='\'
AM_DEFAULT_V='$(AM_DEFAULT_VERBOSITY)'
AM_DEFAULT_VERBOSITY='0'
AM_V='$(V)'
AR='ar'
AUTOCONF='${SHELL} /usagers2/molamk/INF8601/tp1/inf8601-lab1-2.2.2/missing autoconf'
AUTOHEADER='${SHELL} /usagers2/molamk/INF8601/tp1/inf8601-lab1-2.2.2/missing autoheader'
AUTOMAKE='${SHELL} /usagers2/molamk/INF8601/tp1/inf8601-lab1-2.2.2/missing automake-1.15'
AWK='gawk'
CC='gcc'
CCDEPMODE='depmode=gcc3'
CFLAGS='-Wall -O2 -fomit-frame-pointer'
CPP='gcc -E'
CPPFLAGS=''
CXX='g++'
CXXCPP='g++ -E'
CXXDEPMODE='depmode=gcc3'
CXXFLAGS='-Wall -O2 -fomit-frame-pointer -std=c++0x'
CYGPATH_W='echo'
DEFS='-DHAVE_CONFIG_H'
DEPDIR='.deps'
DLLTOOL='false'
DSYMUTIL=''
DUMPBIN=''
ECHO_C=''
ECHO_N='-n'
ECHO_T=''
EGREP='/usr/bin/grep -E'
EXEEXT=''
FGREP='/usr/bin/grep -F'
GREP='/usr/bin/grep'
INSTALL_DATA='${INSTALL} -m 644'
INSTALL_PROGRAM='${INSTALL}'
INSTALL_SCRIPT='${INSTALL}'
INSTALL_STRIP_PROGRAM='$(install_sh) -c -s'
LD='/usr/bin/ld -m elf_x86_64'
LDFLAGS=''
LIBOBJS=''
LIBS='-lstdc++ -lm -ltbb -lpthread '
LIBTOOL='$(SHELL) $(top_builddir)/libtool'
LIPO=''
LN_S='ln -s'
LTLIBOBJS=''
LT_SYS_LIBRARY_PATH=''
MAKEINFO='${SHELL} /usagers2/molamk/INF8601/tp1/inf8601-lab1-2.2.2/missing makeinfo'
MANIFEST_TOOL=':'
MKDIR_P='/usr/bin/mkdir -p'
NM='/usr/bin/nm -B'
NMEDIT=''
OBJDUMP='objdump'
OBJEXT='o'
OPENMP_CFLAGS='-fopenmp'
OTOOL64=''
OTOOL=''
PACKAGE='inf8601-lab1-master'
PACKAGE_BUGREPORT=''
PACKAGE_NAME='INF8601-LAB1-master'
PACKAGE_STRING='INF8601-LAB1-master 2.2.2'
PACKAGE_TARNAME='inf8601-lab1-master'
PACKAGE_URL=''
PACKAGE_VERSION='2.2.2'
PATH_SEPARATOR=':'
RANLIB='ranlib'
SED='/usr/bin/sed'
SET_MAKE=''
SHELL='/bin/sh'
STRIP='strip'
VERSION='2.2.2'
ac_ct_AR='ar'
ac_ct_CC='gcc'
ac_ct_CXX='g++'
ac_ct_DUMPBIN=''
am__EXEEXT_FALSE=''
am__EXEEXT_TRUE='#'
am__fastdepCC_FALSE='#'
am__fastdepCC_TRUE=''
am__fastdepCXX_FALSE='#'
am__fastdepCXX_TRUE=''
am__include='include'
am__isrc=''
am__leading_dot='.'
am__nodep='_no'
am__quote=''
am__tar='$${TAR-tar} chof - "$$tardir"'
am__untar='$${TAR-tar} xf -'
bindir='${exec_prefix}/bin'
build='x86_64-pc-linux-gnu'
build_alias=''
build_cpu='x86_64'
build_os='linux-gnu'
build_vendor='pc'
datadir='${datarootdir}'
datarootdir='${prefix}/share'
docdir='${datarootdir}/doc/${PACKAGE_TARNAME}'
dvidir='${docdir}'
exec_prefix='${prefix}'
host='x86_64-pc-linux-gnu'
host_alias=''
host_cpu='x86_64'
host_os='linux-gnu'
host_vendor='pc'
htmldir='${docdir}'
includedir='${prefix}/include'
infodir='${datarootdir}/info'
install_sh='${SHELL} /usagers2/molamk/INF8601/tp1/inf8601-lab1-2.2.2/install-sh'
libdir='${exec_prefix}/lib'
libexecdir='${exec_prefix}/libexec'
localedir='${datarootdir}/locale'
localstatedir='${prefix}/var'
mandir='${datarootdir}/man'
mkdir_p='$(MKDIR_P)'
oldincludedir='/usr/include'
pdfdir='${docdir}'
prefix='/usr/local'
program_transform_name='s,x,x,'
psdir='${docdir}'
sbindir='${exec_prefix}/sbin'
sharedstatedir='${prefix}/com'
sysconfdir='${prefix}/etc'
target_alias=''

## ----------- ##
## confdefs.h. ##
## ----------- ##

/* confdefs.h */
#define PACKAGE_NAME "INF8601-LAB1-master"
#define PACKAGE_TARNAME "inf8601-lab1-master"
#define PACKAGE_VERSION "2.2.2"
#define PACKAGE_STRING "INF8601-LAB1-master 2.2.2"
#define PACKAGE_BUGREPORT ""
#define PACKAGE_URL ""
#define PACKAGE "inf8601-lab1-master"
#define VERSION "2.2.2"
#define STDC_HEADERS 1
#define HAVE_SYS_TYPES_H 1
#define HAVE_SYS_STAT_H 1
#define HAVE_STDLIB_H 1
#define HAVE_STRING_H 1
#define HAVE_MEMORY_H 1
#define HAVE_STRINGS_H 1
#define HAVE_INTTYPES_H 1
#define HAVE_STDINT_H 1
#define HAVE_UNISTD_H 1
#define HAVE_DLFCN_H 1
#define LT_OBJDIR ".libs/"
#define HAVE_SYS_TYPES_H 1
#define HAVE_UNISTD_H 1
#define HAVE_FCNTL_H 1
#define HAVE_STRINGS_H 1
#define HAVE_PTHREAD_H 1
#define HAVE_TIME_H 1
#define HAVE_ERRNO_H 1
#define HAVE_STDARG_H 1
#define HAVE_LIMITS_H 1
#define HAVE_SIGNAL_H 1
#define HAVE_STDLIB_H 1
#define HAVE_INTTYPES_H 1
#define HAVE_MATH_H 1
#define HAVE_LIBPTHREAD 1
#define HAVE_LIBTBB 1
#define HAVE_LIBM 1
#define HAVE_LIBSTDC__ 1

configure: exit 0

## ---------------------- ##
## Running config.status. ##
## ---------------------- ##

This file was extended by INF8601-LAB1-master config.status 2.2.2, which was
generated by GNU Autoconf 2.69.  Invocation command line was

  CONFIG_FILES    = 
  CONFIG_HEADERS  = 
  CONFIG_LINKS    = 
  CONFIG_COMMANDS = 
  $ ./config.status config.h

on l4712-01.info.polymtl.ca

config.status:1166: creating config.h
config.status:1347: config.h is unchanged
